{"C:\\Users\\Lin\\Desktop\\coding\\WebDev\\be-final-se\\app.js": {"path":"C:\\Users\\Lin\\Desktop\\coding\\WebDev\\be-final-se\\app.js","statementMap":{"0":{"start":{"line":1,"column":16},"end":{"line":1,"column":34}},"1":{"start":{"line":2,"column":21},"end":{"line":2,"column":45}},"2":{"start":{"line":3,"column":15},"end":{"line":3,"column":32}},"3":{"start":{"line":4,"column":16},"end":{"line":4,"column":48}},"4":{"start":{"line":5,"column":18},"end":{"line":5,"column":47}},"5":{"start":{"line":8,"column":13},"end":{"line":8,"column":37}},"6":{"start":{"line":9,"column":15},"end":{"line":9,"column":41}},"7":{"start":{"line":12,"column":12},"end":{"line":12,"column":21}},"8":{"start":{"line":15,"column":0},"end":{"line":15,"column":24}},"9":{"start":{"line":16,"column":0},"end":{"line":16,"column":24}},"10":{"start":{"line":17,"column":0},"end":{"line":17,"column":18}},"11":{"start":{"line":18,"column":0},"end":{"line":18,"column":15}},"12":{"start":{"line":21,"column":19},"end":{"line":26,"column":2}},"13":{"start":{"line":28,"column":20},"end":{"line":37,"column":2}},"14":{"start":{"line":40,"column":0},"end":{"line":40,"column":28}},"15":{"start":{"line":41,"column":0},"end":{"line":41,"column":37}},"16":{"start":{"line":44,"column":0},"end":{"line":44,"column":34}},"17":{"start":{"line":45,"column":0},"end":{"line":45,"column":30}},"18":{"start":{"line":48,"column":0},"end":{"line":48,"column":36}},"19":{"start":{"line":50,"column":0},"end":{"line":50,"column":21}}},"fnMap":{},"branchMap":{},"s":{"0":1,"1":1,"2":1,"3":1,"4":1,"5":1,"6":1,"7":1,"8":1,"9":1,"10":1,"11":1,"12":1,"13":1,"14":1,"15":1,"16":1,"17":1,"18":1,"19":1},"f":{},"b":{},"_coverageSchema":"1a1c01bbd47fc00a2c39e90264f33305004495a9","hash":"73897ad19372814314782537bee962dcbc5e8a35"}
,"C:\\Users\\Lin\\Desktop\\coding\\WebDev\\be-final-se\\controllers\\auth.js": {"path":"C:\\Users\\Lin\\Desktop\\coding\\WebDev\\be-final-se\\controllers\\auth.js","statementMap":{"0":{"start":{"line":1,"column":13},"end":{"line":1,"column":38}},"1":{"start":{"line":7,"column":0},"end":{"line":31,"column":2}},"2":{"start":{"line":8,"column":2},"end":{"line":30,"column":3}},"3":{"start":{"line":9,"column":73},"end":{"line":9,"column":81}},"4":{"start":{"line":12,"column":17},"end":{"line":20,"column":6}},"5":{"start":{"line":22,"column":4},"end":{"line":22,"column":38}},"6":{"start":{"line":25,"column":4},"end":{"line":25,"column":23}},"7":{"start":{"line":26,"column":4},"end":{"line":29,"column":7}},"8":{"start":{"line":38,"column":0},"end":{"line":84,"column":2}},"9":{"start":{"line":39,"column":2},"end":{"line":83,"column":3}},"10":{"start":{"line":40,"column":37},"end":{"line":40,"column":45}},"11":{"start":{"line":43,"column":4},"end":{"line":48,"column":5}},"12":{"start":{"line":44,"column":6},"end":{"line":47,"column":9}},"13":{"start":{"line":51,"column":19},"end":{"line":56,"column":28}},"14":{"start":{"line":58,"column":4},"end":{"line":63,"column":5}},"15":{"start":{"line":59,"column":6},"end":{"line":62,"column":9}},"16":{"start":{"line":66,"column":20},"end":{"line":66,"column":54}},"17":{"start":{"line":68,"column":4},"end":{"line":73,"column":5}},"18":{"start":{"line":69,"column":6},"end":{"line":72,"column":9}},"19":{"start":{"line":75,"column":4},"end":{"line":75,"column":38}},"20":{"start":{"line":78,"column":4},"end":{"line":78,"column":23}},"21":{"start":{"line":79,"column":4},"end":{"line":82,"column":7}},"22":{"start":{"line":91,"column":0},"end":{"line":101,"column":2}},"23":{"start":{"line":92,"column":2},"end":{"line":95,"column":5}},"24":{"start":{"line":97,"column":2},"end":{"line":100,"column":5}},"25":{"start":{"line":103,"column":0},"end":{"line":130,"column":2}},"26":{"start":{"line":104,"column":2},"end":{"line":129,"column":3}},"27":{"start":{"line":105,"column":60},"end":{"line":105,"column":68}},"28":{"start":{"line":106,"column":17},"end":{"line":109,"column":26}},"29":{"start":{"line":111,"column":4},"end":{"line":116,"column":5}},"30":{"start":{"line":112,"column":6},"end":{"line":115,"column":9}},"31":{"start":{"line":118,"column":4},"end":{"line":122,"column":7}},"32":{"start":{"line":125,"column":4},"end":{"line":128,"column":7}},"33":{"start":{"line":137,"column":0},"end":{"line":144,"column":2}},"34":{"start":{"line":138,"column":15},"end":{"line":138,"column":47}},"35":{"start":{"line":140,"column":2},"end":{"line":143,"column":5}},"36":{"start":{"line":146,"column":0},"end":{"line":185,"column":1}},"37":{"start":{"line":147,"column":2},"end":{"line":184,"column":3}},"38":{"start":{"line":148,"column":53},"end":{"line":148,"column":61}},"39":{"start":{"line":149,"column":17},"end":{"line":149,"column":69}},"40":{"start":{"line":151,"column":4},"end":{"line":156,"column":5}},"41":{"start":{"line":152,"column":6},"end":{"line":155,"column":8}},"42":{"start":{"line":158,"column":20},"end":{"line":158,"column":61}},"43":{"start":{"line":159,"column":4},"end":{"line":164,"column":5}},"44":{"start":{"line":160,"column":6},"end":{"line":163,"column":9}},"45":{"start":{"line":165,"column":4},"end":{"line":170,"column":5}},"46":{"start":{"line":166,"column":6},"end":{"line":169,"column":8}},"47":{"start":{"line":171,"column":4},"end":{"line":171,"column":32}},"48":{"start":{"line":172,"column":4},"end":{"line":172,"column":22}},"49":{"start":{"line":174,"column":4},"end":{"line":177,"column":6}},"50":{"start":{"line":180,"column":4},"end":{"line":183,"column":6}},"51":{"start":{"line":190,"column":26},"end":{"line":220,"column":1}},"52":{"start":{"line":192,"column":16},"end":{"line":192,"column":40}},"53":{"start":{"line":194,"column":18},"end":{"line":200,"column":3}},"54":{"start":{"line":202,"column":2},"end":{"line":204,"column":3}},"55":{"start":{"line":203,"column":4},"end":{"line":203,"column":26}},"56":{"start":{"line":206,"column":2},"end":{"line":219,"column":7}}},"fnMap":{"0":{"name":"(anonymous_0)","decl":{"start":{"line":7,"column":19},"end":{"line":7,"column":20}},"loc":{"start":{"line":7,"column":45},"end":{"line":31,"column":1}},"line":7},"1":{"name":"(anonymous_1)","decl":{"start":{"line":38,"column":16},"end":{"line":38,"column":17}},"loc":{"start":{"line":38,"column":42},"end":{"line":84,"column":1}},"line":38},"2":{"name":"(anonymous_2)","decl":{"start":{"line":91,"column":17},"end":{"line":91,"column":18}},"loc":{"start":{"line":91,"column":43},"end":{"line":101,"column":1}},"line":91},"3":{"name":"(anonymous_3)","decl":{"start":{"line":103,"column":21},"end":{"line":103,"column":22}},"loc":{"start":{"line":103,"column":47},"end":{"line":130,"column":1}},"line":103},"4":{"name":"(anonymous_4)","decl":{"start":{"line":137,"column":16},"end":{"line":137,"column":17}},"loc":{"start":{"line":137,"column":42},"end":{"line":144,"column":1}},"line":137},"5":{"name":"(anonymous_5)","decl":{"start":{"line":146,"column":24},"end":{"line":146,"column":25}},"loc":{"start":{"line":146,"column":48},"end":{"line":185,"column":1}},"line":146},"6":{"name":"(anonymous_6)","decl":{"start":{"line":190,"column":26},"end":{"line":190,"column":27}},"loc":{"start":{"line":190,"column":53},"end":{"line":220,"column":1}},"line":190}},"branchMap":{"0":{"loc":{"start":{"line":43,"column":4},"end":{"line":48,"column":5}},"type":"if","locations":[{"start":{"line":43,"column":4},"end":{"line":48,"column":5}},{"start":{},"end":{}}],"line":43},"1":{"loc":{"start":{"line":43,"column":8},"end":{"line":43,"column":32}},"type":"binary-expr","locations":[{"start":{"line":43,"column":8},"end":{"line":43,"column":19}},{"start":{"line":43,"column":23},"end":{"line":43,"column":32}}],"line":43},"2":{"loc":{"start":{"line":58,"column":4},"end":{"line":63,"column":5}},"type":"if","locations":[{"start":{"line":58,"column":4},"end":{"line":63,"column":5}},{"start":{},"end":{}}],"line":58},"3":{"loc":{"start":{"line":68,"column":4},"end":{"line":73,"column":5}},"type":"if","locations":[{"start":{"line":68,"column":4},"end":{"line":73,"column":5}},{"start":{},"end":{}}],"line":68},"4":{"loc":{"start":{"line":111,"column":4},"end":{"line":116,"column":5}},"type":"if","locations":[{"start":{"line":111,"column":4},"end":{"line":116,"column":5}},{"start":{},"end":{}}],"line":111},"5":{"loc":{"start":{"line":151,"column":4},"end":{"line":156,"column":5}},"type":"if","locations":[{"start":{"line":151,"column":4},"end":{"line":156,"column":5}},{"start":{},"end":{}}],"line":151},"6":{"loc":{"start":{"line":159,"column":4},"end":{"line":164,"column":5}},"type":"if","locations":[{"start":{"line":159,"column":4},"end":{"line":164,"column":5}},{"start":{},"end":{}}],"line":159},"7":{"loc":{"start":{"line":165,"column":4},"end":{"line":170,"column":5}},"type":"if","locations":[{"start":{"line":165,"column":4},"end":{"line":170,"column":5}},{"start":{},"end":{}}],"line":165},"8":{"loc":{"start":{"line":197,"column":7},"end":{"line":197,"column":41}},"type":"binary-expr","locations":[{"start":{"line":197,"column":7},"end":{"line":197,"column":36}},{"start":{"line":197,"column":40},"end":{"line":197,"column":41}}],"line":197},"9":{"loc":{"start":{"line":202,"column":2},"end":{"line":204,"column":3}},"type":"if","locations":[{"start":{"line":202,"column":2},"end":{"line":204,"column":3}},{"start":{},"end":{}}],"line":202}},"s":{"0":1,"1":1,"2":0,"3":0,"4":0,"5":0,"6":0,"7":0,"8":1,"9":4,"10":4,"11":4,"12":0,"13":4,"14":4,"15":0,"16":4,"17":4,"18":0,"19":4,"20":0,"21":0,"22":1,"23":0,"24":0,"25":1,"26":0,"27":0,"28":0,"29":0,"30":0,"31":0,"32":0,"33":1,"34":0,"35":0,"36":1,"37":0,"38":0,"39":0,"40":0,"41":0,"42":0,"43":0,"44":0,"45":0,"46":0,"47":0,"48":0,"49":0,"50":0,"51":1,"52":4,"53":4,"54":4,"55":0,"56":4},"f":{"0":0,"1":4,"2":0,"3":0,"4":0,"5":0,"6":4},"b":{"0":[0,4],"1":[4,4],"2":[0,4],"3":[0,4],"4":[0,0],"5":[0,0],"6":[0,0],"7":[0,0],"8":[4,0],"9":[0,4]},"_coverageSchema":"1a1c01bbd47fc00a2c39e90264f33305004495a9","hash":"68d091a5a2e8eb6e1bf6fd0d520e8edc02dd9fe1"}
,"C:\\Users\\Lin\\Desktop\\coding\\WebDev\\be-final-se\\controllers\\hotels.js": {"path":"C:\\Users\\Lin\\Desktop\\coding\\WebDev\\be-final-se\\controllers\\hotels.js","statementMap":{"0":{"start":{"line":1,"column":14},"end":{"line":1,"column":40}},"1":{"start":{"line":6,"column":0},"end":{"line":61,"column":1}},"2":{"start":{"line":7,"column":4},"end":{"line":60,"column":5}},"3":{"start":{"line":8,"column":25},"end":{"line":8,"column":41}},"4":{"start":{"line":11,"column":29},"end":{"line":11,"column":64}},"5":{"start":{"line":12,"column":8},"end":{"line":12,"column":61}},"6":{"start":{"line":12,"column":38},"end":{"line":12,"column":60}},"7":{"start":{"line":15,"column":23},"end":{"line":15,"column":47}},"8":{"start":{"line":16,"column":8},"end":{"line":16,"column":84}},"9":{"start":{"line":16,"column":72},"end":{"line":16,"column":83}},"10":{"start":{"line":19,"column":20},"end":{"line":19,"column":52}},"11":{"start":{"line":22,"column":8},"end":{"line":25,"column":9}},"12":{"start":{"line":23,"column":27},"end":{"line":23,"column":64}},"13":{"start":{"line":24,"column":12},"end":{"line":24,"column":40}},"14":{"start":{"line":28,"column":8},"end":{"line":33,"column":9}},"15":{"start":{"line":29,"column":27},"end":{"line":29,"column":62}},"16":{"start":{"line":30,"column":12},"end":{"line":30,"column":38}},"17":{"start":{"line":32,"column":12},"end":{"line":32,"column":44}},"18":{"start":{"line":36,"column":21},"end":{"line":36,"column":54}},"19":{"start":{"line":37,"column":22},"end":{"line":37,"column":57}},"20":{"start":{"line":38,"column":21},"end":{"line":38,"column":39}},"21":{"start":{"line":39,"column":22},"end":{"line":39,"column":70}},"22":{"start":{"line":40,"column":27},"end":{"line":40,"column":51}},"23":{"start":{"line":42,"column":8},"end":{"line":42,"column":45}},"24":{"start":{"line":45,"column":23},"end":{"line":45,"column":34}},"25":{"start":{"line":47,"column":8},"end":{"line":54,"column":10}},"26":{"start":{"line":56,"column":8},"end":{"line":59,"column":10}},"27":{"start":{"line":67,"column":0},"end":{"line":96,"column":1}},"28":{"start":{"line":68,"column":4},"end":{"line":95,"column":5}},"29":{"start":{"line":69,"column":22},"end":{"line":69,"column":57}},"30":{"start":{"line":71,"column":8},"end":{"line":76,"column":9}},"31":{"start":{"line":72,"column":12},"end":{"line":75,"column":14}},"32":{"start":{"line":78,"column":8},"end":{"line":81,"column":10}},"33":{"start":{"line":84,"column":8},"end":{"line":89,"column":9}},"34":{"start":{"line":85,"column":12},"end":{"line":88,"column":14}},"35":{"start":{"line":91,"column":8},"end":{"line":94,"column":10}},"36":{"start":{"line":100,"column":0},"end":{"line":120,"column":2}},"37":{"start":{"line":101,"column":4},"end":{"line":106,"column":5}},"38":{"start":{"line":102,"column":8},"end":{"line":105,"column":10}},"39":{"start":{"line":107,"column":4},"end":{"line":119,"column":5}},"40":{"start":{"line":108,"column":22},"end":{"line":108,"column":50}},"41":{"start":{"line":110,"column":8},"end":{"line":113,"column":11}},"42":{"start":{"line":115,"column":8},"end":{"line":118,"column":10}},"43":{"start":{"line":128,"column":0},"end":{"line":170,"column":2}},"44":{"start":{"line":129,"column":4},"end":{"line":169,"column":5}},"45":{"start":{"line":130,"column":22},"end":{"line":130,"column":57}},"46":{"start":{"line":132,"column":8},"end":{"line":137,"column":9}},"47":{"start":{"line":133,"column":12},"end":{"line":136,"column":15}},"48":{"start":{"line":140,"column":8},"end":{"line":148,"column":9}},"49":{"start":{"line":144,"column":12},"end":{"line":147,"column":15}},"50":{"start":{"line":150,"column":29},"end":{"line":157,"column":9}},"51":{"start":{"line":159,"column":8},"end":{"line":162,"column":11}},"52":{"start":{"line":165,"column":8},"end":{"line":168,"column":11}},"53":{"start":{"line":178,"column":0},"end":{"line":198,"column":1}},"54":{"start":{"line":179,"column":4},"end":{"line":184,"column":5}},"55":{"start":{"line":180,"column":8},"end":{"line":183,"column":10}},"56":{"start":{"line":185,"column":4},"end":{"line":197,"column":5}},"57":{"start":{"line":186,"column":22},"end":{"line":186,"column":66}},"58":{"start":{"line":188,"column":8},"end":{"line":190,"column":9}},"59":{"start":{"line":189,"column":12},"end":{"line":189,"column":57}},"60":{"start":{"line":191,"column":8},"end":{"line":191,"column":53}},"61":{"start":{"line":193,"column":8},"end":{"line":196,"column":10}}},"fnMap":{"0":{"name":"(anonymous_0)","decl":{"start":{"line":6,"column":24},"end":{"line":6,"column":25}},"loc":{"start":{"line":6,"column":50},"end":{"line":61,"column":1}},"line":6},"1":{"name":"(anonymous_1)","decl":{"start":{"line":12,"column":29},"end":{"line":12,"column":30}},"loc":{"start":{"line":12,"column":38},"end":{"line":12,"column":60}},"line":12},"2":{"name":"(anonymous_2)","decl":{"start":{"line":16,"column":63},"end":{"line":16,"column":64}},"loc":{"start":{"line":16,"column":72},"end":{"line":16,"column":83}},"line":16},"3":{"name":"(anonymous_3)","decl":{"start":{"line":67,"column":25},"end":{"line":67,"column":26}},"loc":{"start":{"line":67,"column":51},"end":{"line":96,"column":1}},"line":67},"4":{"name":"(anonymous_4)","decl":{"start":{"line":100,"column":22},"end":{"line":100,"column":23}},"loc":{"start":{"line":100,"column":46},"end":{"line":120,"column":1}},"line":100},"5":{"name":"(anonymous_5)","decl":{"start":{"line":128,"column":22},"end":{"line":128,"column":23}},"loc":{"start":{"line":128,"column":48},"end":{"line":170,"column":1}},"line":128},"6":{"name":"(anonymous_6)","decl":{"start":{"line":178,"column":22},"end":{"line":178,"column":23}},"loc":{"start":{"line":178,"column":45},"end":{"line":198,"column":1}},"line":178}},"branchMap":{"0":{"loc":{"start":{"line":22,"column":8},"end":{"line":25,"column":9}},"type":"if","locations":[{"start":{"line":22,"column":8},"end":{"line":25,"column":9}},{"start":{},"end":{}}],"line":22},"1":{"loc":{"start":{"line":28,"column":8},"end":{"line":33,"column":9}},"type":"if","locations":[{"start":{"line":28,"column":8},"end":{"line":33,"column":9}},{"start":{"line":31,"column":15},"end":{"line":33,"column":9}}],"line":28},"2":{"loc":{"start":{"line":36,"column":21},"end":{"line":36,"column":54}},"type":"binary-expr","locations":[{"start":{"line":36,"column":21},"end":{"line":36,"column":49}},{"start":{"line":36,"column":53},"end":{"line":36,"column":54}}],"line":36},"3":{"loc":{"start":{"line":37,"column":22},"end":{"line":37,"column":57}},"type":"binary-expr","locations":[{"start":{"line":37,"column":22},"end":{"line":37,"column":51}},{"start":{"line":37,"column":55},"end":{"line":37,"column":57}}],"line":37},"4":{"loc":{"start":{"line":71,"column":8},"end":{"line":76,"column":9}},"type":"if","locations":[{"start":{"line":71,"column":8},"end":{"line":76,"column":9}},{"start":{},"end":{}}],"line":71},"5":{"loc":{"start":{"line":84,"column":8},"end":{"line":89,"column":9}},"type":"if","locations":[{"start":{"line":84,"column":8},"end":{"line":89,"column":9}},{"start":{},"end":{}}],"line":84},"6":{"loc":{"start":{"line":101,"column":4},"end":{"line":106,"column":5}},"type":"if","locations":[{"start":{"line":101,"column":4},"end":{"line":106,"column":5}},{"start":{},"end":{}}],"line":101},"7":{"loc":{"start":{"line":132,"column":8},"end":{"line":137,"column":9}},"type":"if","locations":[{"start":{"line":132,"column":8},"end":{"line":137,"column":9}},{"start":{},"end":{}}],"line":132},"8":{"loc":{"start":{"line":140,"column":8},"end":{"line":148,"column":9}},"type":"if","locations":[{"start":{"line":140,"column":8},"end":{"line":148,"column":9}},{"start":{},"end":{}}],"line":140},"9":{"loc":{"start":{"line":141,"column":12},"end":{"line":142,"column":88}},"type":"binary-expr","locations":[{"start":{"line":141,"column":12},"end":{"line":141,"column":37}},{"start":{"line":142,"column":13},"end":{"line":142,"column":43}},{"start":{"line":142,"column":47},"end":{"line":142,"column":87}}],"line":141},"10":{"loc":{"start":{"line":179,"column":4},"end":{"line":184,"column":5}},"type":"if","locations":[{"start":{"line":179,"column":4},"end":{"line":184,"column":5}},{"start":{},"end":{}}],"line":179},"11":{"loc":{"start":{"line":188,"column":8},"end":{"line":190,"column":9}},"type":"if","locations":[{"start":{"line":188,"column":8},"end":{"line":190,"column":9}},{"start":{},"end":{}}],"line":188}},"s":{"0":1,"1":1,"2":1,"3":1,"4":1,"5":1,"6":4,"7":1,"8":1,"9":0,"10":1,"11":1,"12":0,"13":0,"14":1,"15":0,"16":0,"17":1,"18":1,"19":1,"20":1,"21":1,"22":1,"23":1,"24":1,"25":1,"26":0,"27":1,"28":2,"29":2,"30":1,"31":0,"32":1,"33":1,"34":1,"35":0,"36":1,"37":1,"38":0,"39":1,"40":1,"41":1,"42":0,"43":1,"44":2,"45":2,"46":2,"47":0,"48":2,"49":1,"50":1,"51":1,"52":0,"53":1,"54":1,"55":0,"56":1,"57":1,"58":1,"59":0,"60":1,"61":0},"f":{"0":1,"1":4,"2":0,"3":2,"4":1,"5":2,"6":1},"b":{"0":[0,1],"1":[0,1],"2":[1,1],"3":[1,1],"4":[0,1],"5":[1,0],"6":[0,1],"7":[0,2],"8":[1,1],"9":[2,1,1],"10":[0,1],"11":[0,1]},"_coverageSchema":"1a1c01bbd47fc00a2c39e90264f33305004495a9","hash":"1ab210a96092f424b29c8e3ee38b9fa5119c5a25"}
,"C:\\Users\\Lin\\Desktop\\coding\\WebDev\\be-final-se\\middleware\\auth.js": {"path":"C:\\Users\\Lin\\Desktop\\coding\\WebDev\\be-final-se\\middleware\\auth.js","statementMap":{"0":{"start":{"line":1,"column":12},"end":{"line":1,"column":35}},"1":{"start":{"line":2,"column":13},"end":{"line":2,"column":38}},"2":{"start":{"line":4,"column":0},"end":{"line":28,"column":1}},"3":{"start":{"line":7,"column":4},"end":{"line":9,"column":5}},"4":{"start":{"line":8,"column":8},"end":{"line":8,"column":56}},"5":{"start":{"line":10,"column":4},"end":{"line":12,"column":5}},"6":{"start":{"line":11,"column":8},"end":{"line":11,"column":34}},"7":{"start":{"line":13,"column":4},"end":{"line":15,"column":5}},"8":{"start":{"line":14,"column":8},"end":{"line":14,"column":95}},"9":{"start":{"line":17,"column":4},"end":{"line":27,"column":5}},"10":{"start":{"line":18,"column":24},"end":{"line":18,"column":64}},"11":{"start":{"line":19,"column":8},"end":{"line":19,"column":29}},"12":{"start":{"line":20,"column":8},"end":{"line":20,"column":51}},"13":{"start":{"line":22,"column":8},"end":{"line":22,"column":15}},"14":{"start":{"line":25,"column":8},"end":{"line":25,"column":31}},"15":{"start":{"line":26,"column":8},"end":{"line":26,"column":95}},"16":{"start":{"line":30,"column":0},"end":{"line":38,"column":1}},"17":{"start":{"line":31,"column":4},"end":{"line":37,"column":5}},"18":{"start":{"line":32,"column":8},"end":{"line":35,"column":9}},"19":{"start":{"line":33,"column":12},"end":{"line":33,"column":126}},"20":{"start":{"line":36,"column":8},"end":{"line":36,"column":15}}},"fnMap":{"0":{"name":"(anonymous_0)","decl":{"start":{"line":4,"column":18},"end":{"line":4,"column":19}},"loc":{"start":{"line":4,"column":42},"end":{"line":28,"column":1}},"line":4},"1":{"name":"(anonymous_1)","decl":{"start":{"line":30,"column":20},"end":{"line":30,"column":21}},"loc":{"start":{"line":30,"column":33},"end":{"line":38,"column":1}},"line":30},"2":{"name":"(anonymous_2)","decl":{"start":{"line":31,"column":11},"end":{"line":31,"column":12}},"loc":{"start":{"line":31,"column":27},"end":{"line":37,"column":5}},"line":31}},"branchMap":{"0":{"loc":{"start":{"line":7,"column":4},"end":{"line":9,"column":5}},"type":"if","locations":[{"start":{"line":7,"column":4},"end":{"line":9,"column":5}},{"start":{},"end":{}}],"line":7},"1":{"loc":{"start":{"line":7,"column":7},"end":{"line":7,"column":82}},"type":"binary-expr","locations":[{"start":{"line":7,"column":7},"end":{"line":7,"column":32}},{"start":{"line":7,"column":36},"end":{"line":7,"column":82}}],"line":7},"2":{"loc":{"start":{"line":10,"column":4},"end":{"line":12,"column":5}},"type":"if","locations":[{"start":{"line":10,"column":4},"end":{"line":12,"column":5}},{"start":{},"end":{}}],"line":10},"3":{"loc":{"start":{"line":10,"column":8},"end":{"line":10,"column":50}},"type":"binary-expr","locations":[{"start":{"line":10,"column":8},"end":{"line":10,"column":14}},{"start":{"line":10,"column":18},"end":{"line":10,"column":29}},{"start":{"line":10,"column":33},"end":{"line":10,"column":50}}],"line":10},"4":{"loc":{"start":{"line":13,"column":4},"end":{"line":15,"column":5}},"type":"if","locations":[{"start":{"line":13,"column":4},"end":{"line":15,"column":5}},{"start":{},"end":{}}],"line":13},"5":{"loc":{"start":{"line":32,"column":8},"end":{"line":35,"column":9}},"type":"if","locations":[{"start":{"line":32,"column":8},"end":{"line":35,"column":9}},{"start":{},"end":{}}],"line":32}},"s":{"0":1,"1":1,"2":1,"3":9,"4":9,"5":9,"6":0,"7":9,"8":0,"9":9,"10":9,"11":9,"12":9,"13":9,"14":0,"15":0,"16":1,"17":3,"18":9,"19":5,"20":4},"f":{"0":9,"1":3,"2":9},"b":{"0":[9,0],"1":[9,9],"2":[0,9],"3":[9,0,0],"4":[0,9],"5":[5,4]},"_coverageSchema":"1a1c01bbd47fc00a2c39e90264f33305004495a9","hash":"d69ca7266a6a39cdcabfb3fe6a686ccc2a1c9352"}
,"C:\\Users\\Lin\\Desktop\\coding\\WebDev\\be-final-se\\models\\Hotel.js": {"path":"C:\\Users\\Lin\\Desktop\\coding\\WebDev\\be-final-se\\models\\Hotel.js","statementMap":{"0":{"start":{"line":1,"column":17},"end":{"line":1,"column":36}},"1":{"start":{"line":3,"column":20},"end":{"line":176,"column":1}},"2":{"start":{"line":32,"column":23},"end":{"line":32,"column":45}},"3":{"start":{"line":33,"column":23},"end":{"line":33,"column":49}},"4":{"start":{"line":34,"column":10},"end":{"line":34,"column":52}},"5":{"start":{"line":88,"column":10},"end":{"line":88,"column":36}},"6":{"start":{"line":107,"column":10},"end":{"line":107,"column":36}},"7":{"start":{"line":178,"column":0},"end":{"line":178,"column":54}}},"fnMap":{"0":{"name":"(anonymous_0)","decl":{"start":{"line":31,"column":19},"end":{"line":31,"column":20}},"loc":{"start":{"line":31,"column":41},"end":{"line":35,"column":9}},"line":31},"1":{"name":"(anonymous_1)","decl":{"start":{"line":87,"column":19},"end":{"line":87,"column":20}},"loc":{"start":{"line":87,"column":35},"end":{"line":89,"column":9}},"line":87},"2":{"name":"(anonymous_2)","decl":{"start":{"line":106,"column":19},"end":{"line":106,"column":20}},"loc":{"start":{"line":106,"column":35},"end":{"line":108,"column":9}},"line":106}},"branchMap":{"0":{"loc":{"start":{"line":34,"column":17},"end":{"line":34,"column":51}},"type":"binary-expr","locations":[{"start":{"line":34,"column":17},"end":{"line":34,"column":21}},{"start":{"line":34,"column":25},"end":{"line":34,"column":51}}],"line":34}},"s":{"0":1,"1":1,"2":1,"3":1,"4":1,"5":1,"6":1,"7":1},"f":{"0":1,"1":1,"2":1},"b":{"0":[1,1]},"_coverageSchema":"1a1c01bbd47fc00a2c39e90264f33305004495a9","hash":"97dd4d0f02eb6ad715737486459e7264dc7fe20d"}
,"C:\\Users\\Lin\\Desktop\\coding\\WebDev\\be-final-se\\models\\User.js": {"path":"C:\\Users\\Lin\\Desktop\\coding\\WebDev\\be-final-se\\models\\User.js","statementMap":{"0":{"start":{"line":1,"column":17},"end":{"line":1,"column":36}},"1":{"start":{"line":2,"column":15},"end":{"line":2,"column":34}},"2":{"start":{"line":3,"column":10},"end":{"line":3,"column":33}},"3":{"start":{"line":5,"column":19},"end":{"line":56,"column":2}},"4":{"start":{"line":59,"column":0},"end":{"line":66,"column":3}},"5":{"start":{"line":60,"column":2},"end":{"line":60,"column":87}},"6":{"start":{"line":61,"column":2},"end":{"line":61,"column":51}},"7":{"start":{"line":63,"column":2},"end":{"line":63,"column":43}},"8":{"start":{"line":63,"column":36},"end":{"line":63,"column":43}},"9":{"start":{"line":64,"column":15},"end":{"line":64,"column":39}},"10":{"start":{"line":65,"column":2},"end":{"line":65,"column":57}},"11":{"start":{"line":69,"column":0},"end":{"line":73,"column":1}},"12":{"start":{"line":70,"column":4},"end":{"line":72,"column":7}},"13":{"start":{"line":76,"column":0},"end":{"line":78,"column":1}},"14":{"start":{"line":77,"column":4},"end":{"line":77,"column":64}},"15":{"start":{"line":80,"column":0},"end":{"line":80,"column":52}}},"fnMap":{"0":{"name":"(anonymous_0)","decl":{"start":{"line":59,"column":23},"end":{"line":59,"column":24}},"loc":{"start":{"line":59,"column":44},"end":{"line":66,"column":1}},"line":59},"1":{"name":"(anonymous_1)","decl":{"start":{"line":69,"column":39},"end":{"line":69,"column":40}},"loc":{"start":{"line":69,"column":50},"end":{"line":73,"column":1}},"line":69},"2":{"name":"(anonymous_2)","decl":{"start":{"line":76,"column":35},"end":{"line":76,"column":36}},"loc":{"start":{"line":76,"column":67},"end":{"line":78,"column":1}},"line":76}},"branchMap":{"0":{"loc":{"start":{"line":63,"column":2},"end":{"line":63,"column":43}},"type":"if","locations":[{"start":{"line":63,"column":2},"end":{"line":63,"column":43}},{"start":{},"end":{}}],"line":63}},"s":{"0":1,"1":1,"2":1,"3":1,"4":1,"5":0,"6":0,"7":0,"8":0,"9":0,"10":0,"11":1,"12":4,"13":1,"14":4,"15":1},"f":{"0":0,"1":4,"2":4},"b":{"0":[0,0]},"_coverageSchema":"1a1c01bbd47fc00a2c39e90264f33305004495a9","hash":"e7a386905738a55e7f241f4e7c14ec03ed66ae7b"}
,"C:\\Users\\Lin\\Desktop\\coding\\WebDev\\be-final-se\\routes\\auth.js": {"path":"C:\\Users\\Lin\\Desktop\\coding\\WebDev\\be-final-se\\routes\\auth.js","statementMap":{"0":{"start":{"line":1,"column":16},"end":{"line":1,"column":34}},"1":{"start":{"line":2,"column":64},"end":{"line":2,"column":94}},"2":{"start":{"line":3,"column":15},"end":{"line":3,"column":31}},"3":{"start":{"line":4,"column":18},"end":{"line":4,"column":47}},"4":{"start":{"line":6,"column":0},"end":{"line":6,"column":34}},"5":{"start":{"line":7,"column":0},"end":{"line":7,"column":28}},"6":{"start":{"line":8,"column":0},"end":{"line":8,"column":32}},"7":{"start":{"line":9,"column":0},"end":{"line":9,"column":30}},"8":{"start":{"line":10,"column":0},"end":{"line":10,"column":52}},"9":{"start":{"line":11,"column":0},"end":{"line":11,"column":45}},"10":{"start":{"line":13,"column":0},"end":{"line":13,"column":24}}},"fnMap":{},"branchMap":{},"s":{"0":1,"1":1,"2":1,"3":1,"4":1,"5":1,"6":1,"7":1,"8":1,"9":1,"10":1},"f":{},"b":{},"_coverageSchema":"1a1c01bbd47fc00a2c39e90264f33305004495a9","hash":"8846adfb1208c827f2b5be148514bcde0958b3ac"}
,"C:\\Users\\Lin\\Desktop\\coding\\WebDev\\be-final-se\\routes\\hotels.js": {"path":"C:\\Users\\Lin\\Desktop\\coding\\WebDev\\be-final-se\\routes\\hotels.js","statementMap":{"0":{"start":{"line":1,"column":16},"end":{"line":1,"column":34}},"1":{"start":{"line":2,"column":75},"end":{"line":2,"column":107}},"2":{"start":{"line":3,"column":15},"end":{"line":3,"column":31}},"3":{"start":{"line":4,"column":28},"end":{"line":4,"column":57}},"4":{"start":{"line":8,"column":0},"end":{"line":10,"column":49}},"5":{"start":{"line":11,"column":0},"end":{"line":14,"column":51}},"6":{"start":{"line":16,"column":0},"end":{"line":16,"column":24}}},"fnMap":{},"branchMap":{},"s":{"0":1,"1":1,"2":1,"3":1,"4":1,"5":1,"6":1},"f":{},"b":{},"_coverageSchema":"1a1c01bbd47fc00a2c39e90264f33305004495a9","hash":"cb411205cc6d5618f71675074b9f85645ab2c0a2"}
}
