{"C:\\Users\\Lin\\Desktop\\coding\\WebDev\\be-final-se\\app.js": {"path":"C:\\Users\\Lin\\Desktop\\coding\\WebDev\\be-final-se\\app.js","statementMap":{"0":{"start":{"line":1,"column":16},"end":{"line":1,"column":34}},"1":{"start":{"line":2,"column":21},"end":{"line":2,"column":45}},"2":{"start":{"line":3,"column":15},"end":{"line":3,"column":32}},"3":{"start":{"line":4,"column":16},"end":{"line":4,"column":48}},"4":{"start":{"line":5,"column":18},"end":{"line":5,"column":47}},"5":{"start":{"line":8,"column":13},"end":{"line":8,"column":37}},"6":{"start":{"line":9,"column":15},"end":{"line":9,"column":41}},"7":{"start":{"line":10,"column":17},"end":{"line":10,"column":45}},"8":{"start":{"line":11,"column":14},"end":{"line":11,"column":39}},"9":{"start":{"line":13,"column":12},"end":{"line":13,"column":21}},"10":{"start":{"line":16,"column":0},"end":{"line":16,"column":24}},"11":{"start":{"line":17,"column":0},"end":{"line":17,"column":24}},"12":{"start":{"line":18,"column":0},"end":{"line":18,"column":18}},"13":{"start":{"line":22,"column":19},"end":{"line":27,"column":2}},"14":{"start":{"line":29,"column":20},"end":{"line":38,"column":2}},"15":{"start":{"line":41,"column":0},"end":{"line":41,"column":28}},"16":{"start":{"line":42,"column":0},"end":{"line":42,"column":37}},"17":{"start":{"line":45,"column":0},"end":{"line":45,"column":34}},"18":{"start":{"line":46,"column":0},"end":{"line":46,"column":30}},"19":{"start":{"line":47,"column":0},"end":{"line":47,"column":48}},"20":{"start":{"line":48,"column":0},"end":{"line":48,"column":38}},"21":{"start":{"line":51,"column":0},"end":{"line":51,"column":36}},"22":{"start":{"line":53,"column":0},"end":{"line":53,"column":21}}},"fnMap":{},"branchMap":{},"s":{"0":3,"1":3,"2":3,"3":3,"4":3,"5":3,"6":3,"7":3,"8":3,"9":3,"10":3,"11":3,"12":3,"13":3,"14":3,"15":3,"16":3,"17":3,"18":3,"19":3,"20":3,"21":3,"22":3},"f":{},"b":{},"_coverageSchema":"1a1c01bbd47fc00a2c39e90264f33305004495a9","hash":"af52324b98a5f5a53c83ddfe4886cdd4dbcf6400"}
,"C:\\Users\\Lin\\Desktop\\coding\\WebDev\\be-final-se\\controllers\\auth.js": {"path":"C:\\Users\\Lin\\Desktop\\coding\\WebDev\\be-final-se\\controllers\\auth.js","statementMap":{"0":{"start":{"line":1,"column":13},"end":{"line":1,"column":38}},"1":{"start":{"line":7,"column":0},"end":{"line":31,"column":2}},"2":{"start":{"line":8,"column":2},"end":{"line":30,"column":3}},"3":{"start":{"line":9,"column":73},"end":{"line":9,"column":81}},"4":{"start":{"line":12,"column":17},"end":{"line":20,"column":6}},"5":{"start":{"line":22,"column":4},"end":{"line":22,"column":38}},"6":{"start":{"line":25,"column":4},"end":{"line":25,"column":23}},"7":{"start":{"line":26,"column":4},"end":{"line":29,"column":7}},"8":{"start":{"line":38,"column":0},"end":{"line":84,"column":2}},"9":{"start":{"line":39,"column":2},"end":{"line":83,"column":3}},"10":{"start":{"line":40,"column":37},"end":{"line":40,"column":45}},"11":{"start":{"line":43,"column":4},"end":{"line":48,"column":5}},"12":{"start":{"line":44,"column":6},"end":{"line":47,"column":9}},"13":{"start":{"line":51,"column":19},"end":{"line":56,"column":28}},"14":{"start":{"line":58,"column":4},"end":{"line":63,"column":5}},"15":{"start":{"line":59,"column":6},"end":{"line":62,"column":9}},"16":{"start":{"line":66,"column":20},"end":{"line":66,"column":54}},"17":{"start":{"line":68,"column":4},"end":{"line":73,"column":5}},"18":{"start":{"line":69,"column":6},"end":{"line":72,"column":9}},"19":{"start":{"line":75,"column":4},"end":{"line":75,"column":38}},"20":{"start":{"line":78,"column":4},"end":{"line":78,"column":23}},"21":{"start":{"line":79,"column":4},"end":{"line":82,"column":7}},"22":{"start":{"line":91,"column":0},"end":{"line":101,"column":2}},"23":{"start":{"line":92,"column":2},"end":{"line":95,"column":5}},"24":{"start":{"line":97,"column":2},"end":{"line":100,"column":5}},"25":{"start":{"line":103,"column":0},"end":{"line":130,"column":2}},"26":{"start":{"line":104,"column":2},"end":{"line":129,"column":3}},"27":{"start":{"line":105,"column":60},"end":{"line":105,"column":68}},"28":{"start":{"line":106,"column":17},"end":{"line":109,"column":26}},"29":{"start":{"line":111,"column":4},"end":{"line":116,"column":5}},"30":{"start":{"line":112,"column":6},"end":{"line":115,"column":9}},"31":{"start":{"line":118,"column":4},"end":{"line":122,"column":7}},"32":{"start":{"line":125,"column":4},"end":{"line":128,"column":7}},"33":{"start":{"line":137,"column":0},"end":{"line":144,"column":2}},"34":{"start":{"line":138,"column":15},"end":{"line":138,"column":47}},"35":{"start":{"line":140,"column":2},"end":{"line":143,"column":5}},"36":{"start":{"line":146,"column":0},"end":{"line":185,"column":1}},"37":{"start":{"line":147,"column":2},"end":{"line":184,"column":3}},"38":{"start":{"line":148,"column":53},"end":{"line":148,"column":61}},"39":{"start":{"line":149,"column":17},"end":{"line":149,"column":69}},"40":{"start":{"line":151,"column":4},"end":{"line":156,"column":5}},"41":{"start":{"line":152,"column":6},"end":{"line":155,"column":8}},"42":{"start":{"line":158,"column":20},"end":{"line":158,"column":61}},"43":{"start":{"line":159,"column":4},"end":{"line":164,"column":5}},"44":{"start":{"line":160,"column":6},"end":{"line":163,"column":9}},"45":{"start":{"line":165,"column":4},"end":{"line":170,"column":5}},"46":{"start":{"line":166,"column":6},"end":{"line":169,"column":8}},"47":{"start":{"line":171,"column":4},"end":{"line":171,"column":32}},"48":{"start":{"line":172,"column":4},"end":{"line":172,"column":22}},"49":{"start":{"line":174,"column":4},"end":{"line":177,"column":6}},"50":{"start":{"line":180,"column":4},"end":{"line":183,"column":6}},"51":{"start":{"line":190,"column":26},"end":{"line":220,"column":1}},"52":{"start":{"line":192,"column":16},"end":{"line":192,"column":40}},"53":{"start":{"line":194,"column":18},"end":{"line":200,"column":3}},"54":{"start":{"line":202,"column":2},"end":{"line":204,"column":3}},"55":{"start":{"line":203,"column":4},"end":{"line":203,"column":26}},"56":{"start":{"line":206,"column":2},"end":{"line":219,"column":7}}},"fnMap":{"0":{"name":"(anonymous_0)","decl":{"start":{"line":7,"column":19},"end":{"line":7,"column":20}},"loc":{"start":{"line":7,"column":45},"end":{"line":31,"column":1}},"line":7},"1":{"name":"(anonymous_1)","decl":{"start":{"line":38,"column":16},"end":{"line":38,"column":17}},"loc":{"start":{"line":38,"column":42},"end":{"line":84,"column":1}},"line":38},"2":{"name":"(anonymous_2)","decl":{"start":{"line":91,"column":17},"end":{"line":91,"column":18}},"loc":{"start":{"line":91,"column":43},"end":{"line":101,"column":1}},"line":91},"3":{"name":"(anonymous_3)","decl":{"start":{"line":103,"column":21},"end":{"line":103,"column":22}},"loc":{"start":{"line":103,"column":47},"end":{"line":130,"column":1}},"line":103},"4":{"name":"(anonymous_4)","decl":{"start":{"line":137,"column":16},"end":{"line":137,"column":17}},"loc":{"start":{"line":137,"column":42},"end":{"line":144,"column":1}},"line":137},"5":{"name":"(anonymous_5)","decl":{"start":{"line":146,"column":24},"end":{"line":146,"column":25}},"loc":{"start":{"line":146,"column":48},"end":{"line":185,"column":1}},"line":146},"6":{"name":"(anonymous_6)","decl":{"start":{"line":190,"column":26},"end":{"line":190,"column":27}},"loc":{"start":{"line":190,"column":53},"end":{"line":220,"column":1}},"line":190}},"branchMap":{"0":{"loc":{"start":{"line":43,"column":4},"end":{"line":48,"column":5}},"type":"if","locations":[{"start":{"line":43,"column":4},"end":{"line":48,"column":5}},{"start":{},"end":{}}],"line":43},"1":{"loc":{"start":{"line":43,"column":8},"end":{"line":43,"column":32}},"type":"binary-expr","locations":[{"start":{"line":43,"column":8},"end":{"line":43,"column":19}},{"start":{"line":43,"column":23},"end":{"line":43,"column":32}}],"line":43},"2":{"loc":{"start":{"line":58,"column":4},"end":{"line":63,"column":5}},"type":"if","locations":[{"start":{"line":58,"column":4},"end":{"line":63,"column":5}},{"start":{},"end":{}}],"line":58},"3":{"loc":{"start":{"line":68,"column":4},"end":{"line":73,"column":5}},"type":"if","locations":[{"start":{"line":68,"column":4},"end":{"line":73,"column":5}},{"start":{},"end":{}}],"line":68},"4":{"loc":{"start":{"line":111,"column":4},"end":{"line":116,"column":5}},"type":"if","locations":[{"start":{"line":111,"column":4},"end":{"line":116,"column":5}},{"start":{},"end":{}}],"line":111},"5":{"loc":{"start":{"line":151,"column":4},"end":{"line":156,"column":5}},"type":"if","locations":[{"start":{"line":151,"column":4},"end":{"line":156,"column":5}},{"start":{},"end":{}}],"line":151},"6":{"loc":{"start":{"line":159,"column":4},"end":{"line":164,"column":5}},"type":"if","locations":[{"start":{"line":159,"column":4},"end":{"line":164,"column":5}},{"start":{},"end":{}}],"line":159},"7":{"loc":{"start":{"line":165,"column":4},"end":{"line":170,"column":5}},"type":"if","locations":[{"start":{"line":165,"column":4},"end":{"line":170,"column":5}},{"start":{},"end":{}}],"line":165},"8":{"loc":{"start":{"line":197,"column":7},"end":{"line":197,"column":41}},"type":"binary-expr","locations":[{"start":{"line":197,"column":7},"end":{"line":197,"column":36}},{"start":{"line":197,"column":40},"end":{"line":197,"column":41}}],"line":197},"9":{"loc":{"start":{"line":202,"column":2},"end":{"line":204,"column":3}},"type":"if","locations":[{"start":{"line":202,"column":2},"end":{"line":204,"column":3}},{"start":{},"end":{}}],"line":202}},"s":{"0":3,"1":3,"2":0,"3":0,"4":0,"5":0,"6":0,"7":0,"8":3,"9":13,"10":13,"11":13,"12":0,"13":13,"14":13,"15":0,"16":13,"17":13,"18":0,"19":13,"20":0,"21":0,"22":3,"23":0,"24":0,"25":3,"26":0,"27":0,"28":0,"29":0,"30":0,"31":0,"32":0,"33":3,"34":0,"35":0,"36":3,"37":0,"38":0,"39":0,"40":0,"41":0,"42":0,"43":0,"44":0,"45":0,"46":0,"47":0,"48":0,"49":0,"50":0,"51":3,"52":13,"53":13,"54":13,"55":0,"56":13},"f":{"0":0,"1":13,"2":0,"3":0,"4":0,"5":0,"6":13},"b":{"0":[0,13],"1":[13,13],"2":[0,13],"3":[0,13],"4":[0,0],"5":[0,0],"6":[0,0],"7":[0,0],"8":[13,0],"9":[0,13]},"_coverageSchema":"1a1c01bbd47fc00a2c39e90264f33305004495a9","hash":"68d091a5a2e8eb6e1bf6fd0d520e8edc02dd9fe1"}
,"C:\\Users\\Lin\\Desktop\\coding\\WebDev\\be-final-se\\controllers\\bookings.js": {"path":"C:\\Users\\Lin\\Desktop\\coding\\WebDev\\be-final-se\\controllers\\bookings.js","statementMap":{"0":{"start":{"line":1,"column":16},"end":{"line":1,"column":44}},"1":{"start":{"line":2,"column":14},"end":{"line":2,"column":40}},"2":{"start":{"line":3,"column":17},"end":{"line":3,"column":36}},"3":{"start":{"line":10,"column":0},"end":{"line":50,"column":2}},"4":{"start":{"line":11,"column":2},"end":{"line":49,"column":3}},"5":{"start":{"line":15,"column":4},"end":{"line":33,"column":5}},"6":{"start":{"line":16,"column":21},"end":{"line":16,"column":63}},"7":{"start":{"line":17,"column":23},"end":{"line":17,"column":45}},"8":{"start":{"line":17,"column":39},"end":{"line":17,"column":44}},"9":{"start":{"line":19,"column":6},"end":{"line":20,"column":50}},"10":{"start":{"line":24,"column":9},"end":{"line":33,"column":5}},"11":{"start":{"line":25,"column":6},"end":{"line":26,"column":50}},"12":{"start":{"line":31,"column":6},"end":{"line":32,"column":50}},"13":{"start":{"line":35,"column":21},"end":{"line":35,"column":32}},"14":{"start":{"line":37,"column":4},"end":{"line":41,"column":7}},"15":{"start":{"line":44,"column":4},"end":{"line":44,"column":21}},"16":{"start":{"line":45,"column":4},"end":{"line":48,"column":7}},"17":{"start":{"line":56,"column":0},"end":{"line":104,"column":2}},"18":{"start":{"line":57,"column":2},"end":{"line":103,"column":3}},"19":{"start":{"line":58,"column":19},"end":{"line":58,"column":29}},"20":{"start":{"line":61,"column":4},"end":{"line":66,"column":5}},"21":{"start":{"line":62,"column":6},"end":{"line":65,"column":9}},"22":{"start":{"line":68,"column":20},"end":{"line":71,"column":6}},"23":{"start":{"line":73,"column":4},"end":{"line":78,"column":5}},"24":{"start":{"line":74,"column":6},"end":{"line":77,"column":9}},"25":{"start":{"line":81,"column":4},"end":{"line":90,"column":5}},"26":{"start":{"line":86,"column":6},"end":{"line":89,"column":9}},"27":{"start":{"line":92,"column":4},"end":{"line":95,"column":7}},"28":{"start":{"line":98,"column":4},"end":{"line":98,"column":21}},"29":{"start":{"line":99,"column":4},"end":{"line":102,"column":7}},"30":{"start":{"line":110,"column":0},"end":{"line":185,"column":2}},"31":{"start":{"line":111,"column":2},"end":{"line":184,"column":3}},"32":{"start":{"line":112,"column":51},"end":{"line":112,"column":59}},"33":{"start":{"line":115,"column":4},"end":{"line":120,"column":5}},"34":{"start":{"line":116,"column":6},"end":{"line":119,"column":9}},"35":{"start":{"line":122,"column":18},"end":{"line":122,"column":47}},"36":{"start":{"line":123,"column":4},"end":{"line":128,"column":5}},"37":{"start":{"line":124,"column":6},"end":{"line":127,"column":9}},"38":{"start":{"line":131,"column":4},"end":{"line":133,"column":5}},"39":{"start":{"line":132,"column":6},"end":{"line":132,"column":34}},"40":{"start":{"line":136,"column":4},"end":{"line":141,"column":5}},"41":{"start":{"line":137,"column":6},"end":{"line":140,"column":9}},"42":{"start":{"line":143,"column":19},"end":{"line":143,"column":40}},"43":{"start":{"line":144,"column":20},"end":{"line":144,"column":42}},"44":{"start":{"line":146,"column":4},"end":{"line":151,"column":5}},"45":{"start":{"line":147,"column":6},"end":{"line":150,"column":9}},"46":{"start":{"line":153,"column":4},"end":{"line":158,"column":5}},"47":{"start":{"line":154,"column":6},"end":{"line":157,"column":9}},"48":{"start":{"line":160,"column":23},"end":{"line":160,"column":42}},"49":{"start":{"line":161,"column":17},"end":{"line":161,"column":48}},"50":{"start":{"line":163,"column":4},"end":{"line":168,"column":5}},"51":{"start":{"line":164,"column":6},"end":{"line":167,"column":9}},"52":{"start":{"line":170,"column":20},"end":{"line":170,"column":50}},"53":{"start":{"line":171,"column":4},"end":{"line":171,"column":35}},"54":{"start":{"line":172,"column":4},"end":{"line":176,"column":7}},"55":{"start":{"line":179,"column":4},"end":{"line":179,"column":21}},"56":{"start":{"line":180,"column":4},"end":{"line":183,"column":7}},"57":{"start":{"line":191,"column":0},"end":{"line":277,"column":2}},"58":{"start":{"line":192,"column":2},"end":{"line":276,"column":3}},"59":{"start":{"line":193,"column":19},"end":{"line":193,"column":29}},"60":{"start":{"line":198,"column":18},"end":{"line":198,"column":64}},"61":{"start":{"line":200,"column":4},"end":{"line":205,"column":5}},"62":{"start":{"line":201,"column":6},"end":{"line":204,"column":9}},"63":{"start":{"line":208,"column":4},"end":{"line":217,"column":5}},"64":{"start":{"line":213,"column":6},"end":{"line":216,"column":9}},"65":{"start":{"line":220,"column":20},"end":{"line":220,"column":51}},"66":{"start":{"line":221,"column":23},"end":{"line":221,"column":25}},"67":{"start":{"line":223,"column":4},"end":{"line":227,"column":7}},"68":{"start":{"line":224,"column":6},"end":{"line":226,"column":7}},"69":{"start":{"line":225,"column":8},"end":{"line":225,"column":40}},"70":{"start":{"line":229,"column":20},"end":{"line":231,"column":27}},"71":{"start":{"line":233,"column":21},"end":{"line":235,"column":28}},"72":{"start":{"line":237,"column":4},"end":{"line":242,"column":5}},"73":{"start":{"line":238,"column":6},"end":{"line":241,"column":9}},"74":{"start":{"line":244,"column":4},"end":{"line":249,"column":5}},"75":{"start":{"line":245,"column":6},"end":{"line":248,"column":9}},"76":{"start":{"line":251,"column":17},"end":{"line":251,"column":61}},"77":{"start":{"line":253,"column":4},"end":{"line":258,"column":5}},"78":{"start":{"line":254,"column":6},"end":{"line":257,"column":9}},"79":{"start":{"line":260,"column":4},"end":{"line":263,"column":7}},"80":{"start":{"line":265,"column":4},"end":{"line":268,"column":7}},"81":{"start":{"line":271,"column":4},"end":{"line":271,"column":21}},"82":{"start":{"line":272,"column":4},"end":{"line":275,"column":7}},"83":{"start":{"line":283,"column":0},"end":{"line":324,"column":2}},"84":{"start":{"line":284,"column":2},"end":{"line":323,"column":3}},"85":{"start":{"line":285,"column":19},"end":{"line":285,"column":29}},"86":{"start":{"line":289,"column":20},"end":{"line":289,"column":66}},"87":{"start":{"line":291,"column":4},"end":{"line":296,"column":5}},"88":{"start":{"line":292,"column":6},"end":{"line":295,"column":9}},"89":{"start":{"line":299,"column":4},"end":{"line":308,"column":5}},"90":{"start":{"line":304,"column":6},"end":{"line":307,"column":9}},"91":{"start":{"line":310,"column":4},"end":{"line":310,"column":30}},"92":{"start":{"line":312,"column":4},"end":{"line":315,"column":7}},"93":{"start":{"line":318,"column":4},"end":{"line":318,"column":21}},"94":{"start":{"line":319,"column":4},"end":{"line":322,"column":7}}},"fnMap":{"0":{"name":"(anonymous_0)","decl":{"start":{"line":10,"column":26},"end":{"line":10,"column":27}},"loc":{"start":{"line":10,"column":46},"end":{"line":50,"column":1}},"line":10},"1":{"name":"(anonymous_1)","decl":{"start":{"line":17,"column":34},"end":{"line":17,"column":35}},"loc":{"start":{"line":17,"column":39},"end":{"line":17,"column":44}},"line":17},"2":{"name":"(anonymous_2)","decl":{"start":{"line":56,"column":27},"end":{"line":56,"column":28}},"loc":{"start":{"line":56,"column":47},"end":{"line":104,"column":1}},"line":56},"3":{"name":"(anonymous_3)","decl":{"start":{"line":110,"column":21},"end":{"line":110,"column":22}},"loc":{"start":{"line":110,"column":41},"end":{"line":185,"column":1}},"line":110},"4":{"name":"(anonymous_4)","decl":{"start":{"line":191,"column":24},"end":{"line":191,"column":25}},"loc":{"start":{"line":191,"column":44},"end":{"line":277,"column":1}},"line":191},"5":{"name":"(anonymous_5)","decl":{"start":{"line":223,"column":34},"end":{"line":223,"column":35}},"loc":{"start":{"line":223,"column":43},"end":{"line":227,"column":5}},"line":223},"6":{"name":"(anonymous_6)","decl":{"start":{"line":283,"column":24},"end":{"line":283,"column":25}},"loc":{"start":{"line":283,"column":44},"end":{"line":324,"column":1}},"line":283}},"branchMap":{"0":{"loc":{"start":{"line":15,"column":4},"end":{"line":33,"column":5}},"type":"if","locations":[{"start":{"line":15,"column":4},"end":{"line":33,"column":5}},{"start":{"line":24,"column":9},"end":{"line":33,"column":5}}],"line":15},"1":{"loc":{"start":{"line":24,"column":9},"end":{"line":33,"column":5}},"type":"if","locations":[{"start":{"line":24,"column":9},"end":{"line":33,"column":5}},{"start":{"line":30,"column":9},"end":{"line":33,"column":5}}],"line":24},"2":{"loc":{"start":{"line":61,"column":4},"end":{"line":66,"column":5}},"type":"if","locations":[{"start":{"line":61,"column":4},"end":{"line":66,"column":5}},{"start":{},"end":{}}],"line":61},"3":{"loc":{"start":{"line":73,"column":4},"end":{"line":78,"column":5}},"type":"if","locations":[{"start":{"line":73,"column":4},"end":{"line":78,"column":5}},{"start":{},"end":{}}],"line":73},"4":{"loc":{"start":{"line":81,"column":4},"end":{"line":90,"column":5}},"type":"if","locations":[{"start":{"line":81,"column":4},"end":{"line":90,"column":5}},{"start":{},"end":{}}],"line":81},"5":{"loc":{"start":{"line":82,"column":6},"end":{"line":84,"column":57}},"type":"binary-expr","locations":[{"start":{"line":82,"column":6},"end":{"line":82,"column":45}},{"start":{"line":83,"column":6},"end":{"line":83,"column":31}},{"start":{"line":84,"column":6},"end":{"line":84,"column":57}}],"line":82},"6":{"loc":{"start":{"line":115,"column":4},"end":{"line":120,"column":5}},"type":"if","locations":[{"start":{"line":115,"column":4},"end":{"line":120,"column":5}},{"start":{},"end":{}}],"line":115},"7":{"loc":{"start":{"line":123,"column":4},"end":{"line":128,"column":5}},"type":"if","locations":[{"start":{"line":123,"column":4},"end":{"line":128,"column":5}},{"start":{},"end":{}}],"line":123},"8":{"loc":{"start":{"line":131,"column":4},"end":{"line":133,"column":5}},"type":"if","locations":[{"start":{"line":131,"column":4},"end":{"line":133,"column":5}},{"start":{},"end":{}}],"line":131},"9":{"loc":{"start":{"line":136,"column":4},"end":{"line":141,"column":5}},"type":"if","locations":[{"start":{"line":136,"column":4},"end":{"line":141,"column":5}},{"start":{},"end":{}}],"line":136},"10":{"loc":{"start":{"line":136,"column":8},"end":{"line":136,"column":37}},"type":"binary-expr","locations":[{"start":{"line":136,"column":8},"end":{"line":136,"column":20}},{"start":{"line":136,"column":24},"end":{"line":136,"column":37}}],"line":136},"11":{"loc":{"start":{"line":146,"column":4},"end":{"line":151,"column":5}},"type":"if","locations":[{"start":{"line":146,"column":4},"end":{"line":151,"column":5}},{"start":{},"end":{}}],"line":146},"12":{"loc":{"start":{"line":146,"column":8},"end":{"line":146,"column":39}},"type":"binary-expr","locations":[{"start":{"line":146,"column":8},"end":{"line":146,"column":21}},{"start":{"line":146,"column":25},"end":{"line":146,"column":39}}],"line":146},"13":{"loc":{"start":{"line":153,"column":4},"end":{"line":158,"column":5}},"type":"if","locations":[{"start":{"line":153,"column":4},"end":{"line":158,"column":5}},{"start":{},"end":{}}],"line":153},"14":{"loc":{"start":{"line":163,"column":4},"end":{"line":168,"column":5}},"type":"if","locations":[{"start":{"line":163,"column":4},"end":{"line":168,"column":5}},{"start":{},"end":{}}],"line":163},"15":{"loc":{"start":{"line":163,"column":8},"end":{"line":163,"column":45}},"type":"binary-expr","locations":[{"start":{"line":163,"column":8},"end":{"line":163,"column":33}},{"start":{"line":163,"column":37},"end":{"line":163,"column":45}}],"line":163},"16":{"loc":{"start":{"line":200,"column":4},"end":{"line":205,"column":5}},"type":"if","locations":[{"start":{"line":200,"column":4},"end":{"line":205,"column":5}},{"start":{},"end":{}}],"line":200},"17":{"loc":{"start":{"line":208,"column":4},"end":{"line":217,"column":5}},"type":"if","locations":[{"start":{"line":208,"column":4},"end":{"line":217,"column":5}},{"start":{},"end":{}}],"line":208},"18":{"loc":{"start":{"line":209,"column":6},"end":{"line":211,"column":57}},"type":"binary-expr","locations":[{"start":{"line":209,"column":6},"end":{"line":209,"column":45}},{"start":{"line":210,"column":6},"end":{"line":210,"column":31}},{"start":{"line":211,"column":6},"end":{"line":211,"column":57}}],"line":209},"19":{"loc":{"start":{"line":224,"column":6},"end":{"line":226,"column":7}},"type":"if","locations":[{"start":{"line":224,"column":6},"end":{"line":226,"column":7}},{"start":{},"end":{}}],"line":224},"20":{"loc":{"start":{"line":229,"column":20},"end":{"line":231,"column":27}},"type":"cond-expr","locations":[{"start":{"line":230,"column":8},"end":{"line":230,"column":40}},{"start":{"line":231,"column":8},"end":{"line":231,"column":27}}],"line":229},"21":{"loc":{"start":{"line":233,"column":21},"end":{"line":235,"column":28}},"type":"cond-expr","locations":[{"start":{"line":234,"column":8},"end":{"line":234,"column":41}},{"start":{"line":235,"column":8},"end":{"line":235,"column":28}}],"line":233},"22":{"loc":{"start":{"line":237,"column":4},"end":{"line":242,"column":5}},"type":"if","locations":[{"start":{"line":237,"column":4},"end":{"line":242,"column":5}},{"start":{},"end":{}}],"line":237},"23":{"loc":{"start":{"line":237,"column":8},"end":{"line":237,"column":41}},"type":"binary-expr","locations":[{"start":{"line":237,"column":8},"end":{"line":237,"column":22}},{"start":{"line":237,"column":26},"end":{"line":237,"column":41}}],"line":237},"24":{"loc":{"start":{"line":244,"column":4},"end":{"line":249,"column":5}},"type":"if","locations":[{"start":{"line":244,"column":4},"end":{"line":249,"column":5}},{"start":{},"end":{}}],"line":244},"25":{"loc":{"start":{"line":253,"column":4},"end":{"line":258,"column":5}},"type":"if","locations":[{"start":{"line":253,"column":4},"end":{"line":258,"column":5}},{"start":{},"end":{}}],"line":253},"26":{"loc":{"start":{"line":253,"column":8},"end":{"line":253,"column":45}},"type":"binary-expr","locations":[{"start":{"line":253,"column":8},"end":{"line":253,"column":33}},{"start":{"line":253,"column":37},"end":{"line":253,"column":45}}],"line":253},"27":{"loc":{"start":{"line":291,"column":4},"end":{"line":296,"column":5}},"type":"if","locations":[{"start":{"line":291,"column":4},"end":{"line":296,"column":5}},{"start":{},"end":{}}],"line":291},"28":{"loc":{"start":{"line":299,"column":4},"end":{"line":308,"column":5}},"type":"if","locations":[{"start":{"line":299,"column":4},"end":{"line":308,"column":5}},{"start":{},"end":{}}],"line":299},"29":{"loc":{"start":{"line":300,"column":6},"end":{"line":302,"column":57}},"type":"binary-expr","locations":[{"start":{"line":300,"column":6},"end":{"line":300,"column":45}},{"start":{"line":301,"column":6},"end":{"line":301,"column":31}},{"start":{"line":302,"column":6},"end":{"line":302,"column":57}}],"line":300}},"s":{"0":3,"1":3,"2":3,"3":3,"4":3,"5":3,"6":1,"7":1,"8":115,"9":1,"10":2,"11":1,"12":1,"13":3,"14":3,"15":0,"16":0,"17":3,"18":4,"19":4,"20":4,"21":1,"22":3,"23":3,"24":1,"25":2,"26":1,"27":1,"28":0,"29":0,"30":3,"31":12,"32":12,"33":12,"34":1,"35":11,"36":11,"37":0,"38":11,"39":11,"40":11,"41":2,"42":9,"43":9,"44":9,"45":1,"46":8,"47":1,"48":7,"49":7,"50":7,"51":1,"52":6,"53":5,"54":5,"55":1,"56":1,"57":3,"58":9,"59":9,"60":9,"61":9,"62":0,"63":9,"64":2,"65":7,"66":7,"67":7,"68":13,"69":12,"70":7,"71":7,"72":7,"73":1,"74":6,"75":1,"76":5,"77":5,"78":1,"79":4,"80":1,"81":3,"82":3,"83":3,"84":6,"85":6,"86":6,"87":6,"88":1,"89":5,"90":2,"91":3,"92":3,"93":0,"94":0},"f":{"0":3,"1":115,"2":4,"3":12,"4":9,"5":13,"6":6},"b":{"0":[1,2],"1":[1,1],"2":[1,3],"3":[1,2],"4":[1,1],"5":[2,1,1],"6":[1,11],"7":[0,11],"8":[11,0],"9":[2,9],"10":[11,10],"11":[1,8],"12":[9,8],"13":[1,7],"14":[1,6],"15":[7,7],"16":[0,9],"17":[2,7],"18":[9,4,3],"19":[12,1],"20":[6,1],"21":[6,1],"22":[1,6],"23":[7,6],"24":[1,5],"25":[1,4],"26":[5,4],"27":[1,5],"28":[2,3],"29":[5,3,2]},"_coverageSchema":"1a1c01bbd47fc00a2c39e90264f33305004495a9","hash":"6f17ff49a620fe62197b30a907f17dc211905014"}
,"C:\\Users\\Lin\\Desktop\\coding\\WebDev\\be-final-se\\controllers\\hotels.js": {"path":"C:\\Users\\Lin\\Desktop\\coding\\WebDev\\be-final-se\\controllers\\hotels.js","statementMap":{"0":{"start":{"line":1,"column":14},"end":{"line":1,"column":40}},"1":{"start":{"line":6,"column":0},"end":{"line":61,"column":1}},"2":{"start":{"line":7,"column":4},"end":{"line":60,"column":5}},"3":{"start":{"line":8,"column":25},"end":{"line":8,"column":41}},"4":{"start":{"line":11,"column":29},"end":{"line":11,"column":64}},"5":{"start":{"line":12,"column":8},"end":{"line":12,"column":61}},"6":{"start":{"line":12,"column":38},"end":{"line":12,"column":60}},"7":{"start":{"line":15,"column":23},"end":{"line":15,"column":47}},"8":{"start":{"line":16,"column":8},"end":{"line":16,"column":84}},"9":{"start":{"line":16,"column":72},"end":{"line":16,"column":83}},"10":{"start":{"line":19,"column":20},"end":{"line":19,"column":52}},"11":{"start":{"line":22,"column":8},"end":{"line":25,"column":9}},"12":{"start":{"line":23,"column":27},"end":{"line":23,"column":64}},"13":{"start":{"line":24,"column":12},"end":{"line":24,"column":40}},"14":{"start":{"line":28,"column":8},"end":{"line":33,"column":9}},"15":{"start":{"line":29,"column":27},"end":{"line":29,"column":62}},"16":{"start":{"line":30,"column":12},"end":{"line":30,"column":38}},"17":{"start":{"line":32,"column":12},"end":{"line":32,"column":44}},"18":{"start":{"line":36,"column":21},"end":{"line":36,"column":54}},"19":{"start":{"line":37,"column":22},"end":{"line":37,"column":57}},"20":{"start":{"line":38,"column":21},"end":{"line":38,"column":39}},"21":{"start":{"line":39,"column":22},"end":{"line":39,"column":70}},"22":{"start":{"line":40,"column":27},"end":{"line":40,"column":51}},"23":{"start":{"line":42,"column":8},"end":{"line":42,"column":45}},"24":{"start":{"line":45,"column":23},"end":{"line":45,"column":34}},"25":{"start":{"line":47,"column":8},"end":{"line":54,"column":10}},"26":{"start":{"line":56,"column":8},"end":{"line":59,"column":10}},"27":{"start":{"line":67,"column":0},"end":{"line":96,"column":1}},"28":{"start":{"line":68,"column":4},"end":{"line":95,"column":5}},"29":{"start":{"line":69,"column":22},"end":{"line":69,"column":62}},"30":{"start":{"line":71,"column":8},"end":{"line":76,"column":9}},"31":{"start":{"line":72,"column":12},"end":{"line":75,"column":14}},"32":{"start":{"line":78,"column":8},"end":{"line":81,"column":10}},"33":{"start":{"line":84,"column":8},"end":{"line":89,"column":9}},"34":{"start":{"line":85,"column":12},"end":{"line":88,"column":14}},"35":{"start":{"line":91,"column":8},"end":{"line":94,"column":10}},"36":{"start":{"line":100,"column":0},"end":{"line":120,"column":2}},"37":{"start":{"line":101,"column":4},"end":{"line":106,"column":5}},"38":{"start":{"line":102,"column":8},"end":{"line":105,"column":10}},"39":{"start":{"line":107,"column":4},"end":{"line":119,"column":5}},"40":{"start":{"line":108,"column":22},"end":{"line":108,"column":50}},"41":{"start":{"line":110,"column":8},"end":{"line":113,"column":11}},"42":{"start":{"line":115,"column":8},"end":{"line":118,"column":10}},"43":{"start":{"line":128,"column":0},"end":{"line":170,"column":2}},"44":{"start":{"line":129,"column":4},"end":{"line":169,"column":5}},"45":{"start":{"line":130,"column":22},"end":{"line":130,"column":62}},"46":{"start":{"line":132,"column":8},"end":{"line":137,"column":9}},"47":{"start":{"line":133,"column":12},"end":{"line":136,"column":15}},"48":{"start":{"line":140,"column":8},"end":{"line":148,"column":9}},"49":{"start":{"line":144,"column":12},"end":{"line":147,"column":15}},"50":{"start":{"line":150,"column":29},"end":{"line":157,"column":9}},"51":{"start":{"line":159,"column":8},"end":{"line":162,"column":11}},"52":{"start":{"line":165,"column":8},"end":{"line":168,"column":11}},"53":{"start":{"line":178,"column":0},"end":{"line":198,"column":1}},"54":{"start":{"line":179,"column":4},"end":{"line":184,"column":5}},"55":{"start":{"line":180,"column":8},"end":{"line":183,"column":10}},"56":{"start":{"line":185,"column":4},"end":{"line":197,"column":5}},"57":{"start":{"line":186,"column":22},"end":{"line":186,"column":71}},"58":{"start":{"line":188,"column":8},"end":{"line":190,"column":9}},"59":{"start":{"line":189,"column":12},"end":{"line":189,"column":57}},"60":{"start":{"line":191,"column":8},"end":{"line":191,"column":53}},"61":{"start":{"line":193,"column":8},"end":{"line":196,"column":10}}},"fnMap":{"0":{"name":"(anonymous_0)","decl":{"start":{"line":6,"column":24},"end":{"line":6,"column":25}},"loc":{"start":{"line":6,"column":50},"end":{"line":61,"column":1}},"line":6},"1":{"name":"(anonymous_1)","decl":{"start":{"line":12,"column":29},"end":{"line":12,"column":30}},"loc":{"start":{"line":12,"column":38},"end":{"line":12,"column":60}},"line":12},"2":{"name":"(anonymous_2)","decl":{"start":{"line":16,"column":63},"end":{"line":16,"column":64}},"loc":{"start":{"line":16,"column":72},"end":{"line":16,"column":83}},"line":16},"3":{"name":"(anonymous_3)","decl":{"start":{"line":67,"column":25},"end":{"line":67,"column":26}},"loc":{"start":{"line":67,"column":51},"end":{"line":96,"column":1}},"line":67},"4":{"name":"(anonymous_4)","decl":{"start":{"line":100,"column":22},"end":{"line":100,"column":23}},"loc":{"start":{"line":100,"column":46},"end":{"line":120,"column":1}},"line":100},"5":{"name":"(anonymous_5)","decl":{"start":{"line":128,"column":22},"end":{"line":128,"column":23}},"loc":{"start":{"line":128,"column":48},"end":{"line":170,"column":1}},"line":128},"6":{"name":"(anonymous_6)","decl":{"start":{"line":178,"column":22},"end":{"line":178,"column":23}},"loc":{"start":{"line":178,"column":45},"end":{"line":198,"column":1}},"line":178}},"branchMap":{"0":{"loc":{"start":{"line":22,"column":8},"end":{"line":25,"column":9}},"type":"if","locations":[{"start":{"line":22,"column":8},"end":{"line":25,"column":9}},{"start":{},"end":{}}],"line":22},"1":{"loc":{"start":{"line":28,"column":8},"end":{"line":33,"column":9}},"type":"if","locations":[{"start":{"line":28,"column":8},"end":{"line":33,"column":9}},{"start":{"line":31,"column":15},"end":{"line":33,"column":9}}],"line":28},"2":{"loc":{"start":{"line":36,"column":21},"end":{"line":36,"column":54}},"type":"binary-expr","locations":[{"start":{"line":36,"column":21},"end":{"line":36,"column":49}},{"start":{"line":36,"column":53},"end":{"line":36,"column":54}}],"line":36},"3":{"loc":{"start":{"line":37,"column":22},"end":{"line":37,"column":57}},"type":"binary-expr","locations":[{"start":{"line":37,"column":22},"end":{"line":37,"column":51}},{"start":{"line":37,"column":55},"end":{"line":37,"column":57}}],"line":37},"4":{"loc":{"start":{"line":71,"column":8},"end":{"line":76,"column":9}},"type":"if","locations":[{"start":{"line":71,"column":8},"end":{"line":76,"column":9}},{"start":{},"end":{}}],"line":71},"5":{"loc":{"start":{"line":84,"column":8},"end":{"line":89,"column":9}},"type":"if","locations":[{"start":{"line":84,"column":8},"end":{"line":89,"column":9}},{"start":{},"end":{}}],"line":84},"6":{"loc":{"start":{"line":101,"column":4},"end":{"line":106,"column":5}},"type":"if","locations":[{"start":{"line":101,"column":4},"end":{"line":106,"column":5}},{"start":{},"end":{}}],"line":101},"7":{"loc":{"start":{"line":132,"column":8},"end":{"line":137,"column":9}},"type":"if","locations":[{"start":{"line":132,"column":8},"end":{"line":137,"column":9}},{"start":{},"end":{}}],"line":132},"8":{"loc":{"start":{"line":140,"column":8},"end":{"line":148,"column":9}},"type":"if","locations":[{"start":{"line":140,"column":8},"end":{"line":148,"column":9}},{"start":{},"end":{}}],"line":140},"9":{"loc":{"start":{"line":141,"column":12},"end":{"line":142,"column":88}},"type":"binary-expr","locations":[{"start":{"line":141,"column":12},"end":{"line":141,"column":37}},{"start":{"line":142,"column":13},"end":{"line":142,"column":43}},{"start":{"line":142,"column":47},"end":{"line":142,"column":87}}],"line":141},"10":{"loc":{"start":{"line":179,"column":4},"end":{"line":184,"column":5}},"type":"if","locations":[{"start":{"line":179,"column":4},"end":{"line":184,"column":5}},{"start":{},"end":{}}],"line":179},"11":{"loc":{"start":{"line":188,"column":8},"end":{"line":190,"column":9}},"type":"if","locations":[{"start":{"line":188,"column":8},"end":{"line":190,"column":9}},{"start":{},"end":{}}],"line":188}},"s":{"0":3,"1":3,"2":4,"3":4,"4":4,"5":4,"6":16,"7":4,"8":4,"9":0,"10":4,"11":4,"12":0,"13":0,"14":4,"15":0,"16":0,"17":4,"18":4,"19":4,"20":4,"21":4,"22":4,"23":4,"24":4,"25":4,"26":0,"27":3,"28":3,"29":3,"30":2,"31":1,"32":1,"33":1,"34":1,"35":0,"36":3,"37":4,"38":0,"39":4,"40":4,"41":4,"42":0,"43":3,"44":3,"45":3,"46":3,"47":1,"48":2,"49":1,"50":1,"51":1,"52":0,"53":3,"54":3,"55":0,"56":3,"57":3,"58":3,"59":1,"60":2,"61":0},"f":{"0":4,"1":16,"2":0,"3":3,"4":4,"5":3,"6":3},"b":{"0":[0,4],"1":[0,4],"2":[4,4],"3":[4,4],"4":[1,1],"5":[1,0],"6":[0,4],"7":[1,2],"8":[1,1],"9":[2,1,1],"10":[0,3],"11":[1,2]},"_coverageSchema":"1a1c01bbd47fc00a2c39e90264f33305004495a9","hash":"d55215719f3692b126bde149f2d60e76a3769a68"}
,"C:\\Users\\Lin\\Desktop\\coding\\WebDev\\be-final-se\\controllers\\rooms.js": {"path":"C:\\Users\\Lin\\Desktop\\coding\\WebDev\\be-final-se\\controllers\\rooms.js","statementMap":{"0":{"start":{"line":1,"column":13},"end":{"line":1,"column":38}},"1":{"start":{"line":2,"column":14},"end":{"line":2,"column":40}},"2":{"start":{"line":8,"column":0},"end":{"line":23,"column":1}},"3":{"start":{"line":9,"column":4},"end":{"line":22,"column":5}},"4":{"start":{"line":10,"column":22},"end":{"line":10,"column":68}},"5":{"start":{"line":11,"column":8},"end":{"line":15,"column":11}},"6":{"start":{"line":18,"column":8},"end":{"line":21,"column":11}},"7":{"start":{"line":28,"column":0},"end":{"line":45,"column":2}},"8":{"start":{"line":29,"column":4},"end":{"line":44,"column":5}},"9":{"start":{"line":30,"column":21},"end":{"line":30,"column":96}},"10":{"start":{"line":32,"column":8},"end":{"line":34,"column":9}},"11":{"start":{"line":33,"column":12},"end":{"line":33,"column":87}},"12":{"start":{"line":37,"column":8},"end":{"line":39,"column":9}},"13":{"start":{"line":38,"column":12},"end":{"line":38,"column":107}},"14":{"start":{"line":41,"column":8},"end":{"line":41,"column":60}},"15":{"start":{"line":43,"column":8},"end":{"line":43,"column":71}},"16":{"start":{"line":50,"column":0},"end":{"line":76,"column":2}},"17":{"start":{"line":51,"column":4},"end":{"line":75,"column":5}},"18":{"start":{"line":52,"column":22},"end":{"line":52,"column":62}},"19":{"start":{"line":53,"column":8},"end":{"line":55,"column":9}},"20":{"start":{"line":54,"column":12},"end":{"line":54,"column":88}},"21":{"start":{"line":57,"column":8},"end":{"line":59,"column":9}},"22":{"start":{"line":58,"column":12},"end":{"line":58,"column":116}},"23":{"start":{"line":61,"column":8},"end":{"line":61,"column":46}},"24":{"start":{"line":62,"column":21},"end":{"line":62,"column":48}},"25":{"start":{"line":64,"column":8},"end":{"line":66,"column":11}},"26":{"start":{"line":68,"column":8},"end":{"line":68,"column":60}},"27":{"start":{"line":70,"column":8},"end":{"line":73,"column":9}},"28":{"start":{"line":71,"column":29},"end":{"line":71,"column":74}},"29":{"start":{"line":71,"column":64},"end":{"line":71,"column":73}},"30":{"start":{"line":72,"column":12},"end":{"line":72,"column":90}},"31":{"start":{"line":74,"column":8},"end":{"line":74,"column":71}},"32":{"start":{"line":82,"column":0},"end":{"line":123,"column":2}},"33":{"start":{"line":83,"column":4},"end":{"line":122,"column":5}},"34":{"start":{"line":84,"column":19},"end":{"line":84,"column":57}},"35":{"start":{"line":86,"column":8},"end":{"line":88,"column":9}},"36":{"start":{"line":87,"column":12},"end":{"line":87,"column":87}},"37":{"start":{"line":91,"column":8},"end":{"line":93,"column":9}},"38":{"start":{"line":92,"column":12},"end":{"line":92,"column":107}},"39":{"start":{"line":96,"column":8},"end":{"line":101,"column":9}},"40":{"start":{"line":97,"column":26},"end":{"line":97,"column":60}},"41":{"start":{"line":98,"column":12},"end":{"line":100,"column":13}},"42":{"start":{"line":99,"column":16},"end":{"line":99,"column":109}},"43":{"start":{"line":104,"column":8},"end":{"line":104,"column":32}},"44":{"start":{"line":106,"column":8},"end":{"line":113,"column":10}},"45":{"start":{"line":115,"column":8},"end":{"line":115,"column":60}},"46":{"start":{"line":117,"column":8},"end":{"line":120,"column":9}},"47":{"start":{"line":118,"column":29},"end":{"line":118,"column":74}},"48":{"start":{"line":118,"column":64},"end":{"line":118,"column":73}},"49":{"start":{"line":119,"column":12},"end":{"line":119,"column":90}},"50":{"start":{"line":121,"column":8},"end":{"line":121,"column":71}},"51":{"start":{"line":130,"column":0},"end":{"line":153,"column":2}},"52":{"start":{"line":131,"column":4},"end":{"line":152,"column":5}},"53":{"start":{"line":132,"column":21},"end":{"line":132,"column":59}},"54":{"start":{"line":133,"column":8},"end":{"line":135,"column":9}},"55":{"start":{"line":134,"column":12},"end":{"line":134,"column":87}},"56":{"start":{"line":137,"column":8},"end":{"line":142,"column":9}},"57":{"start":{"line":138,"column":26},"end":{"line":138,"column":60}},"58":{"start":{"line":139,"column":12},"end":{"line":141,"column":13}},"59":{"start":{"line":140,"column":16},"end":{"line":140,"column":111}},"60":{"start":{"line":144,"column":8},"end":{"line":146,"column":11}},"61":{"start":{"line":148,"column":8},"end":{"line":148,"column":31}},"62":{"start":{"line":149,"column":8},"end":{"line":149,"column":58}},"63":{"start":{"line":151,"column":8},"end":{"line":151,"column":71}}},"fnMap":{"0":{"name":"(anonymous_0)","decl":{"start":{"line":8,"column":23},"end":{"line":8,"column":24}},"loc":{"start":{"line":8,"column":40},"end":{"line":23,"column":1}},"line":8},"1":{"name":"(anonymous_1)","decl":{"start":{"line":28,"column":24},"end":{"line":28,"column":25}},"loc":{"start":{"line":28,"column":44},"end":{"line":45,"column":1}},"line":28},"2":{"name":"(anonymous_2)","decl":{"start":{"line":50,"column":21},"end":{"line":50,"column":22}},"loc":{"start":{"line":50,"column":41},"end":{"line":76,"column":1}},"line":50},"3":{"name":"(anonymous_3)","decl":{"start":{"line":71,"column":59},"end":{"line":71,"column":60}},"loc":{"start":{"line":71,"column":64},"end":{"line":71,"column":73}},"line":71},"4":{"name":"(anonymous_4)","decl":{"start":{"line":82,"column":21},"end":{"line":82,"column":22}},"loc":{"start":{"line":82,"column":41},"end":{"line":123,"column":1}},"line":82},"5":{"name":"(anonymous_5)","decl":{"start":{"line":118,"column":59},"end":{"line":118,"column":60}},"loc":{"start":{"line":118,"column":64},"end":{"line":118,"column":73}},"line":118},"6":{"name":"(anonymous_6)","decl":{"start":{"line":130,"column":21},"end":{"line":130,"column":22}},"loc":{"start":{"line":130,"column":41},"end":{"line":153,"column":1}},"line":130}},"branchMap":{"0":{"loc":{"start":{"line":32,"column":8},"end":{"line":34,"column":9}},"type":"if","locations":[{"start":{"line":32,"column":8},"end":{"line":34,"column":9}},{"start":{},"end":{}}],"line":32},"1":{"loc":{"start":{"line":37,"column":8},"end":{"line":39,"column":9}},"type":"if","locations":[{"start":{"line":37,"column":8},"end":{"line":39,"column":9}},{"start":{},"end":{}}],"line":37},"2":{"loc":{"start":{"line":53,"column":8},"end":{"line":55,"column":9}},"type":"if","locations":[{"start":{"line":53,"column":8},"end":{"line":55,"column":9}},{"start":{},"end":{}}],"line":53},"3":{"loc":{"start":{"line":57,"column":8},"end":{"line":59,"column":9}},"type":"if","locations":[{"start":{"line":57,"column":8},"end":{"line":59,"column":9}},{"start":{},"end":{}}],"line":57},"4":{"loc":{"start":{"line":57,"column":12},"end":{"line":57,"column":97}},"type":"binary-expr","locations":[{"start":{"line":57,"column":12},"end":{"line":57,"column":42}},{"start":{"line":57,"column":46},"end":{"line":57,"column":97}}],"line":57},"5":{"loc":{"start":{"line":70,"column":8},"end":{"line":73,"column":9}},"type":"if","locations":[{"start":{"line":70,"column":8},"end":{"line":73,"column":9}},{"start":{},"end":{}}],"line":70},"6":{"loc":{"start":{"line":86,"column":8},"end":{"line":88,"column":9}},"type":"if","locations":[{"start":{"line":86,"column":8},"end":{"line":88,"column":9}},{"start":{},"end":{}}],"line":86},"7":{"loc":{"start":{"line":91,"column":8},"end":{"line":93,"column":9}},"type":"if","locations":[{"start":{"line":91,"column":8},"end":{"line":93,"column":9}},{"start":{},"end":{}}],"line":91},"8":{"loc":{"start":{"line":96,"column":8},"end":{"line":101,"column":9}},"type":"if","locations":[{"start":{"line":96,"column":8},"end":{"line":101,"column":9}},{"start":{},"end":{}}],"line":96},"9":{"loc":{"start":{"line":98,"column":12},"end":{"line":100,"column":13}},"type":"if","locations":[{"start":{"line":98,"column":12},"end":{"line":100,"column":13}},{"start":{},"end":{}}],"line":98},"10":{"loc":{"start":{"line":117,"column":8},"end":{"line":120,"column":9}},"type":"if","locations":[{"start":{"line":117,"column":8},"end":{"line":120,"column":9}},{"start":{},"end":{}}],"line":117},"11":{"loc":{"start":{"line":133,"column":8},"end":{"line":135,"column":9}},"type":"if","locations":[{"start":{"line":133,"column":8},"end":{"line":135,"column":9}},{"start":{},"end":{}}],"line":133},"12":{"loc":{"start":{"line":137,"column":8},"end":{"line":142,"column":9}},"type":"if","locations":[{"start":{"line":137,"column":8},"end":{"line":142,"column":9}},{"start":{},"end":{}}],"line":137},"13":{"loc":{"start":{"line":139,"column":12},"end":{"line":141,"column":13}},"type":"if","locations":[{"start":{"line":139,"column":12},"end":{"line":141,"column":13}},{"start":{},"end":{}}],"line":139},"14":{"loc":{"start":{"line":139,"column":16},"end":{"line":139,"column":77}},"type":"binary-expr","locations":[{"start":{"line":139,"column":16},"end":{"line":139,"column":22}},{"start":{"line":139,"column":26},"end":{"line":139,"column":77}}],"line":139}},"s":{"0":3,"1":3,"2":3,"3":3,"4":3,"5":3,"6":0,"7":3,"8":3,"9":3,"10":3,"11":1,"12":2,"13":1,"14":1,"15":0,"16":3,"17":10,"18":10,"19":10,"20":2,"21":8,"22":1,"23":7,"24":7,"25":4,"26":4,"27":3,"28":3,"29":3,"30":3,"31":0,"32":3,"33":2,"34":2,"35":2,"36":1,"37":1,"38":0,"39":1,"40":1,"41":1,"42":0,"43":1,"44":1,"45":1,"46":0,"47":0,"48":0,"49":0,"50":0,"51":3,"52":1,"53":1,"54":1,"55":0,"56":1,"57":1,"58":1,"59":0,"60":1,"61":1,"62":1,"63":0},"f":{"0":3,"1":3,"2":10,"3":3,"4":2,"5":0,"6":1},"b":{"0":[1,2],"1":[1,1],"2":[2,8],"3":[1,7],"4":[8,8],"5":[3,0],"6":[1,1],"7":[0,1],"8":[1,0],"9":[0,1],"10":[0,0],"11":[0,1],"12":[1,0],"13":[0,1],"14":[1,1]},"_coverageSchema":"1a1c01bbd47fc00a2c39e90264f33305004495a9","hash":"71be4d414e0843e124e263f4406895401aa8e9f2"}
,"C:\\Users\\Lin\\Desktop\\coding\\WebDev\\be-final-se\\middleware\\auth.js": {"path":"C:\\Users\\Lin\\Desktop\\coding\\WebDev\\be-final-se\\middleware\\auth.js","statementMap":{"0":{"start":{"line":1,"column":12},"end":{"line":1,"column":35}},"1":{"start":{"line":2,"column":13},"end":{"line":2,"column":38}},"2":{"start":{"line":4,"column":0},"end":{"line":28,"column":1}},"3":{"start":{"line":7,"column":4},"end":{"line":9,"column":5}},"4":{"start":{"line":8,"column":8},"end":{"line":8,"column":56}},"5":{"start":{"line":10,"column":4},"end":{"line":12,"column":5}},"6":{"start":{"line":11,"column":8},"end":{"line":11,"column":34}},"7":{"start":{"line":13,"column":4},"end":{"line":15,"column":5}},"8":{"start":{"line":14,"column":8},"end":{"line":14,"column":95}},"9":{"start":{"line":17,"column":4},"end":{"line":27,"column":5}},"10":{"start":{"line":18,"column":24},"end":{"line":18,"column":64}},"11":{"start":{"line":20,"column":8},"end":{"line":20,"column":51}},"12":{"start":{"line":22,"column":8},"end":{"line":22,"column":15}},"13":{"start":{"line":26,"column":8},"end":{"line":26,"column":95}},"14":{"start":{"line":30,"column":0},"end":{"line":38,"column":1}},"15":{"start":{"line":31,"column":4},"end":{"line":37,"column":5}},"16":{"start":{"line":32,"column":8},"end":{"line":35,"column":9}},"17":{"start":{"line":33,"column":12},"end":{"line":33,"column":126}},"18":{"start":{"line":36,"column":8},"end":{"line":36,"column":15}}},"fnMap":{"0":{"name":"(anonymous_0)","decl":{"start":{"line":4,"column":18},"end":{"line":4,"column":19}},"loc":{"start":{"line":4,"column":42},"end":{"line":28,"column":1}},"line":4},"1":{"name":"(anonymous_1)","decl":{"start":{"line":30,"column":20},"end":{"line":30,"column":21}},"loc":{"start":{"line":30,"column":33},"end":{"line":38,"column":1}},"line":30},"2":{"name":"(anonymous_2)","decl":{"start":{"line":31,"column":11},"end":{"line":31,"column":12}},"loc":{"start":{"line":31,"column":27},"end":{"line":37,"column":5}},"line":31}},"branchMap":{"0":{"loc":{"start":{"line":7,"column":4},"end":{"line":9,"column":5}},"type":"if","locations":[{"start":{"line":7,"column":4},"end":{"line":9,"column":5}},{"start":{},"end":{}}],"line":7},"1":{"loc":{"start":{"line":7,"column":7},"end":{"line":7,"column":82}},"type":"binary-expr","locations":[{"start":{"line":7,"column":7},"end":{"line":7,"column":32}},{"start":{"line":7,"column":36},"end":{"line":7,"column":82}}],"line":7},"2":{"loc":{"start":{"line":10,"column":4},"end":{"line":12,"column":5}},"type":"if","locations":[{"start":{"line":10,"column":4},"end":{"line":12,"column":5}},{"start":{},"end":{}}],"line":10},"3":{"loc":{"start":{"line":10,"column":8},"end":{"line":10,"column":50}},"type":"binary-expr","locations":[{"start":{"line":10,"column":8},"end":{"line":10,"column":14}},{"start":{"line":10,"column":18},"end":{"line":10,"column":29}},{"start":{"line":10,"column":33},"end":{"line":10,"column":50}}],"line":10},"4":{"loc":{"start":{"line":13,"column":4},"end":{"line":15,"column":5}},"type":"if","locations":[{"start":{"line":13,"column":4},"end":{"line":15,"column":5}},{"start":{},"end":{}}],"line":13},"5":{"loc":{"start":{"line":32,"column":8},"end":{"line":35,"column":9}},"type":"if","locations":[{"start":{"line":32,"column":8},"end":{"line":35,"column":9}},{"start":{},"end":{}}],"line":32}},"s":{"0":3,"1":3,"2":3,"3":68,"4":68,"5":68,"6":0,"7":68,"8":0,"9":68,"10":68,"11":68,"12":68,"13":0,"14":3,"15":27,"16":61,"17":11,"18":50},"f":{"0":68,"1":27,"2":61},"b":{"0":[68,0],"1":[68,68],"2":[0,68],"3":[68,0,0],"4":[0,68],"5":[11,50]},"_coverageSchema":"1a1c01bbd47fc00a2c39e90264f33305004495a9","hash":"ddf28a9ff61d9717f5b0cfbf4d3696676088aea3"}
,"C:\\Users\\Lin\\Desktop\\coding\\WebDev\\be-final-se\\models\\Booking.js": {"path":"C:\\Users\\Lin\\Desktop\\coding\\WebDev\\be-final-se\\models\\Booking.js","statementMap":{"0":{"start":{"line":1,"column":17},"end":{"line":1,"column":36}},"1":{"start":{"line":3,"column":22},"end":{"line":62,"column":1}},"2":{"start":{"line":44,"column":10},"end":{"line":44,"column":54}},"3":{"start":{"line":65,"column":0},"end":{"line":65,"column":58}}},"fnMap":{"0":{"name":"(anonymous_0)","decl":{"start":{"line":43,"column":19},"end":{"line":43,"column":20}},"loc":{"start":{"line":43,"column":30},"end":{"line":45,"column":9}},"line":43}},"branchMap":{},"s":{"0":3,"1":3,"2":9,"3":3},"f":{"0":9},"b":{},"_coverageSchema":"1a1c01bbd47fc00a2c39e90264f33305004495a9","hash":"80a2c8580d4d8fdb953808d162e34378b39e0ca0"}
,"C:\\Users\\Lin\\Desktop\\coding\\WebDev\\be-final-se\\models\\Hotel.js": {"path":"C:\\Users\\Lin\\Desktop\\coding\\WebDev\\be-final-se\\models\\Hotel.js","statementMap":{"0":{"start":{"line":1,"column":17},"end":{"line":1,"column":36}},"1":{"start":{"line":3,"column":20},"end":{"line":176,"column":1}},"2":{"start":{"line":32,"column":23},"end":{"line":32,"column":45}},"3":{"start":{"line":33,"column":23},"end":{"line":33,"column":49}},"4":{"start":{"line":34,"column":10},"end":{"line":34,"column":52}},"5":{"start":{"line":88,"column":10},"end":{"line":88,"column":36}},"6":{"start":{"line":107,"column":10},"end":{"line":107,"column":36}},"7":{"start":{"line":178,"column":0},"end":{"line":178,"column":54}}},"fnMap":{"0":{"name":"(anonymous_0)","decl":{"start":{"line":31,"column":19},"end":{"line":31,"column":20}},"loc":{"start":{"line":31,"column":41},"end":{"line":35,"column":9}},"line":31},"1":{"name":"(anonymous_1)","decl":{"start":{"line":87,"column":19},"end":{"line":87,"column":20}},"loc":{"start":{"line":87,"column":35},"end":{"line":89,"column":9}},"line":87},"2":{"name":"(anonymous_2)","decl":{"start":{"line":106,"column":19},"end":{"line":106,"column":20}},"loc":{"start":{"line":106,"column":35},"end":{"line":108,"column":9}},"line":106}},"branchMap":{"0":{"loc":{"start":{"line":34,"column":17},"end":{"line":34,"column":51}},"type":"binary-expr","locations":[{"start":{"line":34,"column":17},"end":{"line":34,"column":21}},{"start":{"line":34,"column":25},"end":{"line":34,"column":51}}],"line":34}},"s":{"0":3,"1":3,"2":4,"3":4,"4":4,"5":4,"6":4,"7":3},"f":{"0":4,"1":4,"2":4},"b":{"0":[4,4]},"_coverageSchema":"1a1c01bbd47fc00a2c39e90264f33305004495a9","hash":"97dd4d0f02eb6ad715737486459e7264dc7fe20d"}
,"C:\\Users\\Lin\\Desktop\\coding\\WebDev\\be-final-se\\models\\Room.js": {"path":"C:\\Users\\Lin\\Desktop\\coding\\WebDev\\be-final-se\\models\\Room.js","statementMap":{"0":{"start":{"line":1,"column":17},"end":{"line":1,"column":36}},"1":{"start":{"line":3,"column":19},"end":{"line":134,"column":1}},"2":{"start":{"line":13,"column":24},"end":{"line":13,"column":47}},"3":{"start":{"line":14,"column":10},"end":{"line":14,"column":49}},"4":{"start":{"line":68,"column":10},"end":{"line":68,"column":36}},"5":{"start":{"line":137,"column":0},"end":{"line":137,"column":52}}},"fnMap":{"0":{"name":"(anonymous_0)","decl":{"start":{"line":12,"column":19},"end":{"line":12,"column":20}},"loc":{"start":{"line":12,"column":41},"end":{"line":15,"column":9}},"line":12},"1":{"name":"(anonymous_1)","decl":{"start":{"line":67,"column":19},"end":{"line":67,"column":20}},"loc":{"start":{"line":67,"column":35},"end":{"line":69,"column":9}},"line":67}},"branchMap":{},"s":{"0":3,"1":3,"2":7,"3":7,"4":7,"5":3},"f":{"0":7,"1":7},"b":{},"_coverageSchema":"1a1c01bbd47fc00a2c39e90264f33305004495a9","hash":"92b37c3fdc2745212b432c5ff66e04932960283a"}
,"C:\\Users\\Lin\\Desktop\\coding\\WebDev\\be-final-se\\models\\User.js": {"path":"C:\\Users\\Lin\\Desktop\\coding\\WebDev\\be-final-se\\models\\User.js","statementMap":{"0":{"start":{"line":1,"column":17},"end":{"line":1,"column":36}},"1":{"start":{"line":2,"column":15},"end":{"line":2,"column":34}},"2":{"start":{"line":3,"column":10},"end":{"line":3,"column":33}},"3":{"start":{"line":5,"column":19},"end":{"line":56,"column":2}},"4":{"start":{"line":59,"column":0},"end":{"line":66,"column":3}},"5":{"start":{"line":60,"column":2},"end":{"line":60,"column":87}},"6":{"start":{"line":61,"column":2},"end":{"line":61,"column":51}},"7":{"start":{"line":63,"column":2},"end":{"line":63,"column":43}},"8":{"start":{"line":63,"column":36},"end":{"line":63,"column":43}},"9":{"start":{"line":64,"column":15},"end":{"line":64,"column":39}},"10":{"start":{"line":65,"column":2},"end":{"line":65,"column":57}},"11":{"start":{"line":69,"column":0},"end":{"line":73,"column":1}},"12":{"start":{"line":70,"column":4},"end":{"line":72,"column":7}},"13":{"start":{"line":76,"column":0},"end":{"line":78,"column":1}},"14":{"start":{"line":77,"column":4},"end":{"line":77,"column":64}},"15":{"start":{"line":80,"column":0},"end":{"line":80,"column":52}}},"fnMap":{"0":{"name":"(anonymous_0)","decl":{"start":{"line":59,"column":23},"end":{"line":59,"column":24}},"loc":{"start":{"line":59,"column":44},"end":{"line":66,"column":1}},"line":59},"1":{"name":"(anonymous_1)","decl":{"start":{"line":69,"column":39},"end":{"line":69,"column":40}},"loc":{"start":{"line":69,"column":50},"end":{"line":73,"column":1}},"line":69},"2":{"name":"(anonymous_2)","decl":{"start":{"line":76,"column":35},"end":{"line":76,"column":36}},"loc":{"start":{"line":76,"column":67},"end":{"line":78,"column":1}},"line":76}},"branchMap":{"0":{"loc":{"start":{"line":63,"column":2},"end":{"line":63,"column":43}},"type":"if","locations":[{"start":{"line":63,"column":2},"end":{"line":63,"column":43}},{"start":{},"end":{}}],"line":63}},"s":{"0":3,"1":3,"2":3,"3":3,"4":3,"5":0,"6":0,"7":0,"8":0,"9":0,"10":0,"11":3,"12":13,"13":3,"14":13,"15":3},"f":{"0":0,"1":13,"2":13},"b":{"0":[0,0]},"_coverageSchema":"1a1c01bbd47fc00a2c39e90264f33305004495a9","hash":"e7a386905738a55e7f241f4e7c14ec03ed66ae7b"}
,"C:\\Users\\Lin\\Desktop\\coding\\WebDev\\be-final-se\\routes\\auth.js": {"path":"C:\\Users\\Lin\\Desktop\\coding\\WebDev\\be-final-se\\routes\\auth.js","statementMap":{"0":{"start":{"line":1,"column":16},"end":{"line":1,"column":34}},"1":{"start":{"line":2,"column":64},"end":{"line":2,"column":94}},"2":{"start":{"line":3,"column":15},"end":{"line":3,"column":31}},"3":{"start":{"line":4,"column":18},"end":{"line":4,"column":47}},"4":{"start":{"line":6,"column":0},"end":{"line":6,"column":34}},"5":{"start":{"line":7,"column":0},"end":{"line":7,"column":28}},"6":{"start":{"line":8,"column":0},"end":{"line":8,"column":32}},"7":{"start":{"line":9,"column":0},"end":{"line":9,"column":30}},"8":{"start":{"line":10,"column":0},"end":{"line":10,"column":52}},"9":{"start":{"line":11,"column":0},"end":{"line":11,"column":45}},"10":{"start":{"line":13,"column":0},"end":{"line":13,"column":24}}},"fnMap":{},"branchMap":{},"s":{"0":3,"1":3,"2":3,"3":3,"4":3,"5":3,"6":3,"7":3,"8":3,"9":3,"10":3},"f":{},"b":{},"_coverageSchema":"1a1c01bbd47fc00a2c39e90264f33305004495a9","hash":"8846adfb1208c827f2b5be148514bcde0958b3ac"}
,"C:\\Users\\Lin\\Desktop\\coding\\WebDev\\be-final-se\\routes\\bookings.js": {"path":"C:\\Users\\Lin\\Desktop\\coding\\WebDev\\be-final-se\\routes\\bookings.js","statementMap":{"0":{"start":{"line":1,"column":16},"end":{"line":1,"column":34}},"1":{"start":{"line":3,"column":88},"end":{"line":3,"column":122}},"2":{"start":{"line":5,"column":15},"end":{"line":5,"column":52}},"3":{"start":{"line":7,"column":31},"end":{"line":7,"column":60}},"4":{"start":{"line":9,"column":0},"end":{"line":11,"column":70}},"5":{"start":{"line":13,"column":0},"end":{"line":16,"column":75}},"6":{"start":{"line":18,"column":0},"end":{"line":18,"column":24}}},"fnMap":{},"branchMap":{},"s":{"0":3,"1":3,"2":3,"3":3,"4":3,"5":3,"6":3},"f":{},"b":{},"_coverageSchema":"1a1c01bbd47fc00a2c39e90264f33305004495a9","hash":"4aaa676265f9a407156dbe7058beeceed60a61c2"}
,"C:\\Users\\Lin\\Desktop\\coding\\WebDev\\be-final-se\\routes\\hotels.js": {"path":"C:\\Users\\Lin\\Desktop\\coding\\WebDev\\be-final-se\\routes\\hotels.js","statementMap":{"0":{"start":{"line":1,"column":16},"end":{"line":1,"column":34}},"1":{"start":{"line":2,"column":75},"end":{"line":2,"column":107}},"2":{"start":{"line":3,"column":15},"end":{"line":3,"column":31}},"3":{"start":{"line":4,"column":28},"end":{"line":4,"column":57}},"4":{"start":{"line":5,"column":19},"end":{"line":5,"column":37}},"5":{"start":{"line":7,"column":0},"end":{"line":7,"column":40}},"6":{"start":{"line":8,"column":0},"end":{"line":10,"column":49}},"7":{"start":{"line":11,"column":0},"end":{"line":14,"column":51}},"8":{"start":{"line":16,"column":0},"end":{"line":16,"column":24}}},"fnMap":{},"branchMap":{},"s":{"0":3,"1":3,"2":3,"3":3,"4":3,"5":3,"6":3,"7":3,"8":3},"f":{},"b":{},"_coverageSchema":"1a1c01bbd47fc00a2c39e90264f33305004495a9","hash":"6b724240ca84356feb797df4617cafaaa6301377"}
,"C:\\Users\\Lin\\Desktop\\coding\\WebDev\\be-final-se\\routes\\rooms.js": {"path":"C:\\Users\\Lin\\Desktop\\coding\\WebDev\\be-final-se\\routes\\rooms.js","statementMap":{"0":{"start":{"line":1,"column":16},"end":{"line":1,"column":34}},"1":{"start":{"line":2,"column":75},"end":{"line":2,"column":106}},"2":{"start":{"line":3,"column":31},"end":{"line":3,"column":60}},"3":{"start":{"line":5,"column":15},"end":{"line":5,"column":52}},"4":{"start":{"line":7,"column":0},"end":{"line":9,"column":55}},"5":{"start":{"line":11,"column":0},"end":{"line":14,"column":57}},"6":{"start":{"line":16,"column":0},"end":{"line":16,"column":24}}},"fnMap":{},"branchMap":{},"s":{"0":3,"1":3,"2":3,"3":3,"4":3,"5":3,"6":3},"f":{},"b":{},"_coverageSchema":"1a1c01bbd47fc00a2c39e90264f33305004495a9","hash":"1f7a0a1bb61b5d446f8e4798481385ded4147ef0"}
}
