TN:
SF:app.js
FNF:0
FNH:0
DA:1,4
DA:2,4
DA:3,4
DA:4,4
DA:5,4
DA:8,4
DA:9,4
DA:10,4
DA:11,4
DA:13,4
DA:16,4
DA:17,4
DA:18,4
DA:19,4
DA:22,4
DA:29,4
DA:41,4
DA:42,0
DA:43,0
DA:47,4
DA:48,4
DA:49,4
DA:50,4
DA:53,4
DA:55,4
LF:25
LH:23
BRDA:41,0,0,0
BRDA:41,0,1,4
BRF:2
BRH:1
end_of_record
TN:
SF:controllers\auth.js
FN:7,(anonymous_0)
FN:33,(anonymous_1)
FN:71,(anonymous_2)
FN:124,(anonymous_3)
FN:136,(anonymous_4)
FN:176,(anonymous_5)
FN:185,(anonymous_6)
FN:237,(anonymous_7)
FNF:8
FNH:7
FNDA:0,(anonymous_0)
FNDA:6,(anonymous_1)
FNDA:21,(anonymous_2)
FNDA:1,(anonymous_3)
FNDA:2,(anonymous_4)
FNDA:1,(anonymous_5)
FNDA:4,(anonymous_6)
FNDA:21,(anonymous_7)
DA:1,4
DA:7,4
DA:8,0
DA:9,0
DA:10,0
DA:15,0
DA:16,0
DA:23,0
DA:33,4
DA:34,6
DA:35,6
DA:37,6
DA:38,6
DA:39,1
DA:45,5
DA:55,3
DA:58,2
DA:59,2
DA:71,4
DA:72,21
DA:73,21
DA:76,21
DA:77,1
DA:84,20
DA:91,20
DA:92,1
DA:99,19
DA:101,19
DA:102,1
DA:108,18
DA:111,0
DA:112,0
DA:124,4
DA:125,1
DA:130,1
DA:136,4
DA:137,2
DA:138,1
DA:143,1
DA:144,1
DA:145,1
DA:150,1
DA:151,0
DA:157,1
DA:164,0
DA:176,4
DA:177,1
DA:179,1
DA:185,4
DA:186,4
DA:187,4
DA:189,4
DA:190,1
DA:196,3
DA:198,3
DA:199,0
DA:205,3
DA:206,3
DA:207,1
DA:212,2
DA:213,1
DA:218,1
DA:219,1
DA:221,1
DA:227,0
DA:237,4
DA:239,21
DA:241,21
DA:249,21
DA:250,0
DA:253,21
LF:71
LH:58
BRDA:9,0,0,0
BRDA:9,0,1,0
BRDA:38,1,0,1
BRDA:38,1,1,5
BRDA:76,2,0,1
BRDA:76,2,1,20
BRDA:76,3,0,21
BRDA:76,3,1,21
BRDA:91,4,0,1
BRDA:91,4,1,19
BRDA:101,5,0,1
BRDA:101,5,1,18
BRDA:137,6,0,1
BRDA:137,6,1,1
BRDA:150,7,0,0
BRDA:150,7,1,1
BRDA:189,8,0,1
BRDA:189,8,1,3
BRDA:189,9,0,4
BRDA:189,9,1,4
BRDA:189,9,2,4
BRDA:198,10,0,0
BRDA:198,10,1,3
BRDA:206,11,0,1
BRDA:206,11,1,2
BRDA:212,12,0,1
BRDA:212,12,1,1
BRDA:244,13,0,21
BRDA:244,13,1,0
BRDA:249,14,0,0
BRDA:249,14,1,21
BRF:31
BRH:25
end_of_record
TN:
SF:controllers\bookings.js
FN:11,(anonymous_0)
FN:18,(anonymous_1)
FN:57,(anonymous_2)
FN:111,(anonymous_3)
FN:199,(anonymous_4)
FN:225,(anonymous_5)
FN:290,(anonymous_6)
FNF:7
FNH:7
FNDA:4,(anonymous_0)
FNDA:1,(anonymous_1)
FNDA:4,(anonymous_2)
FNDA:12,(anonymous_3)
FNDA:9,(anonymous_4)
FNDA:13,(anonymous_5)
FNDA:6,(anonymous_6)
DA:1,4
DA:2,4
DA:3,4
DA:4,4
DA:11,4
DA:12,4
DA:16,4
DA:17,1
DA:18,1
DA:20,1
DA:25,3
DA:26,1
DA:32,2
DA:36,4
DA:38,4
DA:45,0
DA:46,0
DA:57,4
DA:58,4
DA:59,4
DA:62,4
DA:63,1
DA:69,3
DA:74,3
DA:75,1
DA:82,2
DA:87,1
DA:93,1
DA:99,0
DA:100,0
DA:111,4
DA:112,12
DA:113,12
DA:116,12
DA:117,3
DA:124,9
DA:125,9
DA:126,0
DA:131,9
DA:132,9
DA:133,1
DA:139,8
DA:140,8
DA:144,8
DA:145,2
DA:151,6
DA:152,6
DA:154,6
DA:155,1
DA:161,5
DA:162,1
DA:168,4
DA:169,4
DA:171,4
DA:172,1
DA:178,3
DA:179,3
DA:180,3
DA:187,0
DA:188,0
DA:199,4
DA:200,9
DA:201,9
DA:203,9
DA:204,0
DA:211,9
DA:212,9
DA:213,9
DA:214,9
DA:215,2
DA:222,7
DA:223,7
DA:225,7
DA:226,13
DA:227,12
DA:230,1
DA:237,7
DA:241,7
DA:245,7
DA:246,1
DA:252,6
DA:253,1
DA:258,5
DA:260,5
DA:261,1
DA:267,4
DA:268,4
DA:269,4
DA:270,4
DA:272,4
DA:278,1
DA:279,1
DA:290,4
DA:291,6
DA:292,6
DA:296,6
DA:298,6
DA:299,1
DA:306,5
DA:311,2
DA:317,3
DA:319,3
DA:325,0
DA:326,0
LF:104
LH:94
BRDA:16,0,0,1
BRDA:16,0,1,3
BRDA:25,1,0,1
BRDA:25,1,1,2
BRDA:62,2,0,1
BRDA:62,2,1,3
BRDA:74,3,0,1
BRDA:74,3,1,2
BRDA:82,4,0,1
BRDA:82,4,1,1
BRDA:83,5,0,2
BRDA:83,5,1,1
BRDA:83,5,2,1
BRDA:116,6,0,3
BRDA:116,6,1,9
BRDA:116,7,0,12
BRDA:116,7,1,10
BRDA:125,8,0,0
BRDA:125,8,1,9
BRDA:132,9,0,1
BRDA:132,9,1,8
BRDA:139,10,0,8
BRDA:139,10,1,0
BRDA:144,11,0,2
BRDA:144,11,1,6
BRDA:144,12,0,8
BRDA:144,12,1,7
BRDA:154,13,0,1
BRDA:154,13,1,5
BRDA:154,14,0,6
BRDA:154,14,1,5
BRDA:161,15,0,1
BRDA:161,15,1,4
BRDA:171,16,0,1
BRDA:171,16,1,3
BRDA:171,17,0,4
BRDA:171,17,1,4
BRDA:203,18,0,0
BRDA:203,18,1,9
BRDA:214,19,0,2
BRDA:214,19,1,7
BRDA:214,20,0,9
BRDA:214,20,1,4
BRDA:214,20,2,3
BRDA:226,21,0,12
BRDA:226,21,1,1
BRDA:237,22,0,6
BRDA:237,22,1,1
BRDA:241,23,0,6
BRDA:241,23,1,1
BRDA:245,24,0,1
BRDA:245,24,1,6
BRDA:245,25,0,7
BRDA:245,25,1,6
BRDA:252,26,0,1
BRDA:252,26,1,5
BRDA:260,27,0,1
BRDA:260,27,1,4
BRDA:260,28,0,5
BRDA:260,28,1,4
BRDA:298,29,0,1
BRDA:298,29,1,5
BRDA:306,30,0,2
BRDA:306,30,1,3
BRDA:307,31,0,5
BRDA:307,31,1,3
BRDA:307,31,2,2
BRF:67
BRH:64
end_of_record
TN:
SF:controllers\hotels.js
FN:6,(anonymous_0)
FN:12,(anonymous_1)
FN:16,(anonymous_2)
FN:55,(anonymous_3)
FN:88,(anonymous_4)
FN:116,(anonymous_5)
FN:166,(anonymous_6)
FNF:7
FNH:6
FNDA:4,(anonymous_0)
FNDA:16,(anonymous_1)
FNDA:0,(anonymous_2)
FNDA:3,(anonymous_3)
FNDA:4,(anonymous_4)
FNDA:3,(anonymous_5)
FNDA:6,(anonymous_6)
DA:1,4
DA:6,4
DA:7,4
DA:8,4
DA:11,4
DA:12,16
DA:15,4
DA:16,4
DA:19,4
DA:22,4
DA:23,0
DA:24,0
DA:28,4
DA:29,0
DA:30,0
DA:32,4
DA:36,4
DA:38,4
DA:44,0
DA:55,4
DA:56,3
DA:57,3
DA:59,2
DA:60,1
DA:66,1
DA:72,1
DA:73,1
DA:79,0
DA:88,4
DA:89,4
DA:90,0
DA:95,4
DA:96,4
DA:98,4
DA:103,0
DA:116,4
DA:117,3
DA:118,3
DA:120,3
DA:121,1
DA:128,2
DA:132,1
DA:138,1
DA:147,1
DA:153,0
DA:166,4
DA:167,6
DA:168,0
DA:173,6
DA:174,6
DA:176,6
DA:177,2
DA:179,4
DA:181,0
LF:54
LH:43
BRDA:22,0,0,0
BRDA:22,0,1,4
BRDA:28,1,0,0
BRDA:28,1,1,4
BRDA:59,2,0,1
BRDA:59,2,1,1
BRDA:72,3,0,1
BRDA:72,3,1,0
BRDA:89,4,0,0
BRDA:89,4,1,4
BRDA:120,5,0,1
BRDA:120,5,1,2
BRDA:128,6,0,1
BRDA:128,6,1,1
BRDA:129,7,0,2
BRDA:129,7,1,1
BRDA:129,7,2,1
BRDA:167,8,0,0
BRDA:167,8,1,6
BRDA:176,9,0,2
BRDA:176,9,1,4
BRF:21
BRH:16
end_of_record
TN:
SF:controllers\rooms.js
FN:8,(anonymous_0)
FN:28,(anonymous_1)
FN:50,(anonymous_2)
FN:71,(anonymous_3)
FN:82,(anonymous_4)
FN:118,(anonymous_5)
FN:130,(anonymous_6)
FNF:7
FNH:6
FNDA:3,(anonymous_0)
FNDA:3,(anonymous_1)
FNDA:11,(anonymous_2)
FNDA:3,(anonymous_3)
FNDA:4,(anonymous_4)
FNDA:0,(anonymous_5)
FNDA:4,(anonymous_6)
DA:1,4
DA:2,4
DA:8,4
DA:9,3
DA:10,3
DA:11,3
DA:18,0
DA:28,4
DA:29,3
DA:30,3
DA:32,3
DA:33,1
DA:37,2
DA:38,1
DA:41,1
DA:43,0
DA:50,4
DA:51,11
DA:52,11
DA:53,11
DA:54,2
DA:57,9
DA:58,1
DA:61,8
DA:62,8
DA:64,5
DA:68,5
DA:70,3
DA:71,3
DA:72,3
DA:74,0
DA:82,4
DA:83,4
DA:84,4
DA:86,4
DA:87,1
DA:91,3
DA:92,1
DA:96,2
DA:97,2
DA:98,2
DA:99,1
DA:104,1
DA:106,1
DA:115,1
DA:117,0
DA:118,0
DA:119,0
DA:121,0
DA:130,4
DA:131,4
DA:132,4
DA:133,4
DA:134,4
DA:135,1
DA:137,3
DA:138,1
DA:141,2
DA:142,2
DA:143,2
DA:144,1
DA:148,1
DA:152,1
DA:153,1
DA:155,0
LF:65
LH:57
BRDA:32,0,0,1
BRDA:32,0,1,2
BRDA:37,1,0,1
BRDA:37,1,1,1
BRDA:53,2,0,2
BRDA:53,2,1,9
BRDA:57,3,0,1
BRDA:57,3,1,8
BRDA:57,4,0,9
BRDA:57,4,1,9
BRDA:70,5,0,3
BRDA:70,5,1,0
BRDA:86,6,0,1
BRDA:86,6,1,3
BRDA:91,7,0,1
BRDA:91,7,1,2
BRDA:96,8,0,2
BRDA:96,8,1,0
BRDA:98,9,0,1
BRDA:98,9,1,1
BRDA:117,10,0,0
BRDA:117,10,1,0
BRDA:134,11,0,1
BRDA:134,11,1,3
BRDA:137,12,0,1
BRDA:137,12,1,2
BRDA:141,13,0,2
BRDA:141,13,1,0
BRDA:143,14,0,1
BRDA:143,14,1,1
BRDA:143,15,0,2
BRDA:143,15,1,2
BRF:32
BRH:27
end_of_record
TN:
SF:middleware\auth.js
FN:4,(anonymous_0)
FN:30,(anonymous_1)
FN:31,(anonymous_2)
FNF:3
FNH:3
FNDA:88,(anonymous_0)
FNDA:40,(anonymous_1)
FNDA:73,(anonymous_2)
DA:1,4
DA:2,4
DA:4,4
DA:7,88
DA:8,88
DA:10,88
DA:11,0
DA:13,88
DA:14,0
DA:17,88
DA:18,88
DA:20,88
DA:22,88
DA:26,0
DA:30,4
DA:31,40
DA:32,73
DA:33,14
DA:36,59
LF:19
LH:16
BRDA:7,0,0,88
BRDA:7,0,1,0
BRDA:7,1,0,88
BRDA:7,1,1,88
BRDA:10,2,0,0
BRDA:10,2,1,88
BRDA:10,3,0,88
BRDA:10,3,1,0
BRDA:10,3,2,0
BRDA:13,4,0,0
BRDA:13,4,1,88
BRDA:32,5,0,14
BRDA:32,5,1,59
BRF:13
BRH:8
end_of_record
TN:
SF:models\Booking.js
FN:43,(anonymous_0)
FNF:1
FNH:1
FNDA:7,(anonymous_0)
DA:1,4
DA:3,4
DA:44,7
DA:65,4
LF:4
LH:4
BRF:0
BRH:0
end_of_record
TN:
SF:models\Hotel.js
FN:31,(anonymous_0)
FN:87,(anonymous_1)
FN:106,(anonymous_2)
FNF:3
FNH:3
FNDA:4,(anonymous_0)
FNDA:4,(anonymous_1)
FNDA:4,(anonymous_2)
DA:1,4
DA:3,4
DA:32,4
DA:33,4
DA:34,4
DA:88,4
DA:107,4
DA:178,4
LF:8
LH:8
BRDA:34,0,0,4
BRDA:34,0,1,3
BRF:2
BRH:2
end_of_record
TN:
SF:models\Room.js
FN:12,(anonymous_0)
FN:67,(anonymous_1)
FNF:2
FNH:2
FNDA:8,(anonymous_0)
FNDA:8,(anonymous_1)
DA:1,4
DA:3,4
DA:13,8
DA:14,8
DA:68,8
DA:137,4
LF:6
LH:6
BRF:0
BRH:0
end_of_record
TN:
SF:models\User.js
FN:60,(anonymous_0)
FN:70,(anonymous_1)
FN:77,(anonymous_2)
FNF:3
FNH:3
FNDA:5,(anonymous_0)
FNDA:21,(anonymous_1)
FNDA:22,(anonymous_2)
DA:1,4
DA:2,4
DA:3,4
DA:5,4
DA:60,4
DA:61,5
DA:62,5
DA:64,5
DA:65,5
DA:66,5
DA:70,4
DA:71,21
DA:77,4
DA:78,22
DA:81,4
LF:15
LH:15
BRDA:64,0,0,0
BRDA:64,0,1,5
BRF:2
BRH:1
end_of_record
TN:
SF:routes\auth.js
FNF:0
FNH:0
DA:1,4
DA:2,4
DA:3,4
DA:4,4
DA:6,4
DA:7,4
DA:8,4
DA:9,4
DA:10,4
DA:11,4
DA:12,4
DA:14,4
LF:12
LH:12
BRF:0
BRH:0
end_of_record
TN:
SF:routes\bookings.js
FNF:0
FNH:0
DA:1,4
DA:3,4
DA:5,4
DA:7,4
DA:9,4
DA:13,4
DA:18,4
LF:7
LH:7
BRF:0
BRH:0
end_of_record
TN:
SF:routes\hotels.js
FNF:0
FNH:0
DA:1,4
DA:2,4
DA:3,4
DA:4,4
DA:5,4
DA:7,4
DA:8,4
DA:11,4
DA:16,4
LF:9
LH:9
BRF:0
BRH:0
end_of_record
TN:
SF:routes\rooms.js
FNF:0
FNH:0
DA:1,4
DA:2,4
DA:3,4
DA:5,4
DA:7,4
DA:11,4
DA:16,4
LF:7
LH:7
BRF:0
BRH:0
end_of_record
