TN:
SF:app.js
FNF:0
FNH:0
DA:1,3
DA:2,3
DA:3,3
DA:4,3
DA:5,3
DA:8,3
DA:9,3
DA:10,3
DA:11,3
DA:13,3
DA:16,3
DA:17,3
DA:18,3
DA:19,3
DA:22,3
DA:29,3
DA:41,3
DA:42,3
DA:45,3
DA:46,3
DA:47,3
DA:48,3
DA:51,3
DA:53,3
LF:24
LH:24
BRF:0
BRH:0
end_of_record
TN:
SF:controllers\auth.js
FN:7,(anonymous_0)
FN:38,(anonymous_1)
FN:91,(anonymous_2)
FN:103,(anonymous_3)
FN:137,(anonymous_4)
FN:146,(anonymous_5)
FN:190,(anonymous_6)
FNF:7
FNH:2
FNDA:0,(anonymous_0)
FNDA:13,(anonymous_1)
FNDA:0,(anonymous_2)
FNDA:0,(anonymous_3)
FNDA:0,(anonymous_4)
FNDA:0,(anonymous_5)
FNDA:13,(anonymous_6)
DA:1,3
DA:7,3
DA:8,0
DA:9,0
DA:12,0
DA:22,0
DA:25,0
DA:26,0
DA:38,3
DA:39,13
DA:40,13
DA:43,13
DA:44,0
DA:51,13
DA:58,13
DA:59,0
DA:66,13
DA:68,13
DA:69,0
DA:75,13
DA:78,0
DA:79,0
DA:91,3
DA:92,0
DA:97,0
DA:103,3
DA:104,0
DA:105,0
DA:106,0
DA:111,0
DA:112,0
DA:118,0
DA:125,0
DA:137,3
DA:138,0
DA:140,0
DA:146,3
DA:147,0
DA:148,0
DA:149,0
DA:151,0
DA:152,0
DA:158,0
DA:159,0
DA:160,0
DA:165,0
DA:166,0
DA:171,0
DA:172,0
DA:174,0
DA:180,0
DA:190,3
DA:192,13
DA:194,13
DA:202,13
DA:203,0
DA:206,13
LF:57
LH:20
BRDA:43,0,0,0
BRDA:43,0,1,13
BRDA:43,1,0,13
BRDA:43,1,1,13
BRDA:58,2,0,0
BRDA:58,2,1,13
BRDA:68,3,0,0
BRDA:68,3,1,13
BRDA:111,4,0,0
BRDA:111,4,1,0
BRDA:151,5,0,0
BRDA:151,5,1,0
BRDA:159,6,0,0
BRDA:159,6,1,0
BRDA:165,7,0,0
BRDA:165,7,1,0
BRDA:197,8,0,13
BRDA:197,8,1,0
BRDA:202,9,0,0
BRDA:202,9,1,13
BRF:20
BRH:7
end_of_record
TN:
SF:controllers\bookings.js
FN:11,(anonymous_0)
FN:18,(anonymous_1)
FN:57,(anonymous_2)
FN:111,(anonymous_3)
FN:199,(anonymous_4)
FN:225,(anonymous_5)
FN:290,(anonymous_6)
FNF:7
FNH:7
FNDA:3,(anonymous_0)
FNDA:156,(anonymous_1)
FNDA:4,(anonymous_2)
FNDA:12,(anonymous_3)
FNDA:9,(anonymous_4)
FNDA:13,(anonymous_5)
FNDA:6,(anonymous_6)
DA:1,3
DA:2,3
DA:3,3
DA:4,3
DA:11,3
DA:12,3
DA:16,3
DA:17,1
DA:18,156
DA:20,1
DA:25,2
DA:26,1
DA:32,1
DA:36,3
DA:38,3
DA:45,0
DA:46,0
DA:57,3
DA:58,4
DA:59,4
DA:62,4
DA:63,1
DA:69,3
DA:74,3
DA:75,1
DA:82,2
DA:87,1
DA:93,1
DA:99,0
DA:100,0
DA:111,3
DA:112,12
DA:113,12
DA:116,12
DA:117,3
DA:124,9
DA:125,9
DA:126,0
DA:131,9
DA:132,9
DA:133,1
DA:139,8
DA:140,8
DA:144,8
DA:145,2
DA:151,6
DA:152,6
DA:154,6
DA:155,1
DA:161,5
DA:162,1
DA:168,4
DA:169,4
DA:171,4
DA:172,1
DA:178,3
DA:179,3
DA:180,3
DA:187,0
DA:188,0
DA:199,3
DA:200,9
DA:201,9
DA:203,9
DA:204,0
DA:211,9
DA:212,9
DA:213,9
DA:214,9
DA:215,2
DA:222,7
DA:223,7
DA:225,7
DA:226,13
DA:227,12
DA:230,1
DA:237,7
DA:241,7
DA:245,7
DA:246,1
DA:252,6
DA:253,1
DA:258,5
DA:260,5
DA:261,1
DA:267,4
DA:268,4
DA:269,4
DA:270,4
DA:272,4
DA:278,1
DA:279,1
DA:290,3
DA:291,6
DA:292,6
DA:296,6
DA:298,6
DA:299,1
DA:306,5
DA:311,2
DA:317,3
DA:319,3
DA:325,0
DA:326,0
LF:104
LH:94
BRDA:16,0,0,1
BRDA:16,0,1,2
BRDA:25,1,0,1
BRDA:25,1,1,1
BRDA:62,2,0,1
BRDA:62,2,1,3
BRDA:74,3,0,1
BRDA:74,3,1,2
BRDA:82,4,0,1
BRDA:82,4,1,1
BRDA:83,5,0,2
BRDA:83,5,1,1
BRDA:83,5,2,1
BRDA:116,6,0,3
BRDA:116,6,1,9
BRDA:116,7,0,12
BRDA:116,7,1,10
BRDA:125,8,0,0
BRDA:125,8,1,9
BRDA:132,9,0,1
BRDA:132,9,1,8
BRDA:139,10,0,8
BRDA:139,10,1,0
BRDA:144,11,0,2
BRDA:144,11,1,6
BRDA:144,12,0,8
BRDA:144,12,1,7
BRDA:154,13,0,1
BRDA:154,13,1,5
BRDA:154,14,0,6
BRDA:154,14,1,5
BRDA:161,15,0,1
BRDA:161,15,1,4
BRDA:171,16,0,1
BRDA:171,16,1,3
BRDA:171,17,0,4
BRDA:171,17,1,4
BRDA:203,18,0,0
BRDA:203,18,1,9
BRDA:214,19,0,2
BRDA:214,19,1,7
BRDA:214,20,0,9
BRDA:214,20,1,4
BRDA:214,20,2,3
BRDA:226,21,0,12
BRDA:226,21,1,1
BRDA:237,22,0,6
BRDA:237,22,1,1
BRDA:241,23,0,6
BRDA:241,23,1,1
BRDA:245,24,0,1
BRDA:245,24,1,6
BRDA:245,25,0,7
BRDA:245,25,1,6
BRDA:252,26,0,1
BRDA:252,26,1,5
BRDA:260,27,0,1
BRDA:260,27,1,4
BRDA:260,28,0,5
BRDA:260,28,1,4
BRDA:298,29,0,1
BRDA:298,29,1,5
BRDA:306,30,0,2
BRDA:306,30,1,3
BRDA:307,31,0,5
BRDA:307,31,1,3
BRDA:307,31,2,2
BRF:67
BRH:64
end_of_record
TN:
SF:controllers\hotels.js
FN:6,(anonymous_0)
FN:12,(anonymous_1)
FN:16,(anonymous_2)
FN:55,(anonymous_3)
FN:88,(anonymous_4)
FN:116,(anonymous_5)
FN:166,(anonymous_6)
FNF:7
FNH:6
FNDA:4,(anonymous_0)
FNDA:16,(anonymous_1)
FNDA:0,(anonymous_2)
FNDA:3,(anonymous_3)
FNDA:4,(anonymous_4)
FNDA:3,(anonymous_5)
FNDA:3,(anonymous_6)
DA:1,3
DA:6,3
DA:7,4
DA:8,4
DA:11,4
DA:12,16
DA:15,4
DA:16,4
DA:19,4
DA:22,4
DA:23,0
DA:24,0
DA:28,4
DA:29,0
DA:30,0
DA:32,4
DA:36,4
DA:38,4
DA:44,0
DA:55,3
DA:56,3
DA:57,3
DA:59,2
DA:60,1
DA:66,1
DA:72,1
DA:73,1
DA:79,0
DA:88,3
DA:89,4
DA:90,0
DA:95,4
DA:96,4
DA:98,4
DA:103,0
DA:116,3
DA:117,3
DA:118,3
DA:120,3
DA:121,1
DA:128,2
DA:132,1
DA:138,1
DA:147,1
DA:153,0
DA:166,3
DA:167,3
DA:168,0
DA:173,3
DA:174,3
DA:176,3
DA:177,1
DA:179,2
DA:181,0
LF:54
LH:43
BRDA:22,0,0,0
BRDA:22,0,1,4
BRDA:28,1,0,0
BRDA:28,1,1,4
BRDA:59,2,0,1
BRDA:59,2,1,1
BRDA:72,3,0,1
BRDA:72,3,1,0
BRDA:89,4,0,0
BRDA:89,4,1,4
BRDA:120,5,0,1
BRDA:120,5,1,2
BRDA:128,6,0,1
BRDA:128,6,1,1
BRDA:129,7,0,2
BRDA:129,7,1,1
BRDA:129,7,2,1
BRDA:167,8,0,0
BRDA:167,8,1,3
BRDA:176,9,0,1
BRDA:176,9,1,2
BRF:21
BRH:16
end_of_record
TN:
SF:controllers\rooms.js
FN:8,(anonymous_0)
FN:28,(anonymous_1)
FN:50,(anonymous_2)
FN:71,(anonymous_3)
FN:82,(anonymous_4)
FN:118,(anonymous_5)
FN:130,(anonymous_6)
FNF:7
FNH:6
FNDA:3,(anonymous_0)
FNDA:3,(anonymous_1)
FNDA:11,(anonymous_2)
FNDA:3,(anonymous_3)
FNDA:4,(anonymous_4)
FNDA:0,(anonymous_5)
FNDA:4,(anonymous_6)
DA:1,3
DA:2,3
DA:8,3
DA:9,3
DA:10,3
DA:11,3
DA:18,0
DA:28,3
DA:29,3
DA:30,3
DA:32,3
DA:33,1
DA:37,2
DA:38,1
DA:41,1
DA:43,0
DA:50,3
DA:51,11
DA:52,11
DA:53,11
DA:54,2
DA:57,9
DA:58,1
DA:61,8
DA:62,8
DA:64,5
DA:68,5
DA:70,3
DA:71,3
DA:72,3
DA:74,0
DA:82,3
DA:83,4
DA:84,4
DA:86,4
DA:87,1
DA:91,3
DA:92,1
DA:96,2
DA:97,2
DA:98,2
DA:99,1
DA:104,1
DA:106,1
DA:115,1
DA:117,0
DA:118,0
DA:119,0
DA:121,0
DA:130,3
DA:131,4
DA:132,4
DA:133,4
DA:134,4
DA:135,1
DA:137,3
DA:138,1
DA:141,2
DA:142,2
DA:143,2
DA:144,1
DA:148,1
DA:152,1
DA:153,1
DA:155,0
LF:65
LH:57
BRDA:32,0,0,1
BRDA:32,0,1,2
BRDA:37,1,0,1
BRDA:37,1,1,1
BRDA:53,2,0,2
BRDA:53,2,1,9
BRDA:57,3,0,1
BRDA:57,3,1,8
BRDA:57,4,0,9
BRDA:57,4,1,9
BRDA:70,5,0,3
BRDA:70,5,1,0
BRDA:86,6,0,1
BRDA:86,6,1,3
BRDA:91,7,0,1
BRDA:91,7,1,2
BRDA:96,8,0,2
BRDA:96,8,1,0
BRDA:98,9,0,1
BRDA:98,9,1,1
BRDA:117,10,0,0
BRDA:117,10,1,0
BRDA:134,11,0,1
BRDA:134,11,1,3
BRDA:137,12,0,1
BRDA:137,12,1,2
BRDA:141,13,0,2
BRDA:141,13,1,0
BRDA:143,14,0,1
BRDA:143,14,1,1
BRDA:143,15,0,2
BRDA:143,15,1,2
BRF:32
BRH:27
end_of_record
TN:
SF:middleware\auth.js
FN:4,(anonymous_0)
FN:30,(anonymous_1)
FN:31,(anonymous_2)
FNF:3
FNH:3
FNDA:74,(anonymous_0)
FNDA:27,(anonymous_1)
FNDA:67,(anonymous_2)
DA:1,3
DA:2,3
DA:4,3
DA:7,74
DA:8,74
DA:10,74
DA:11,0
DA:13,74
DA:14,0
DA:17,74
DA:18,74
DA:20,74
DA:22,74
DA:26,0
DA:30,3
DA:31,27
DA:32,67
DA:33,11
DA:36,56
LF:19
LH:16
BRDA:7,0,0,74
BRDA:7,0,1,0
BRDA:7,1,0,74
BRDA:7,1,1,74
BRDA:10,2,0,0
BRDA:10,2,1,74
BRDA:10,3,0,74
BRDA:10,3,1,0
BRDA:10,3,2,0
BRDA:13,4,0,0
BRDA:13,4,1,74
BRDA:32,5,0,11
BRDA:32,5,1,56
BRF:13
BRH:8
end_of_record
TN:
SF:models\Booking.js
FN:43,(anonymous_0)
FNF:1
FNH:1
FNDA:7,(anonymous_0)
DA:1,3
DA:3,3
DA:44,7
DA:65,3
LF:4
LH:4
BRF:0
BRH:0
end_of_record
TN:
SF:models\Hotel.js
FN:31,(anonymous_0)
FN:87,(anonymous_1)
FN:106,(anonymous_2)
FNF:3
FNH:3
FNDA:4,(anonymous_0)
FNDA:4,(anonymous_1)
FNDA:4,(anonymous_2)
DA:1,3
DA:3,3
DA:32,4
DA:33,4
DA:34,4
DA:88,4
DA:107,4
DA:178,3
LF:8
LH:8
BRDA:34,0,0,4
BRDA:34,0,1,4
BRF:2
BRH:2
end_of_record
TN:
SF:models\Room.js
FN:12,(anonymous_0)
FN:67,(anonymous_1)
FNF:2
FNH:2
FNDA:8,(anonymous_0)
FNDA:8,(anonymous_1)
DA:1,3
DA:3,3
DA:13,8
DA:14,8
DA:68,8
DA:137,3
LF:6
LH:6
BRF:0
BRH:0
end_of_record
TN:
SF:models\User.js
FN:59,(anonymous_0)
FN:69,(anonymous_1)
FN:76,(anonymous_2)
FNF:3
FNH:2
FNDA:0,(anonymous_0)
FNDA:13,(anonymous_1)
FNDA:13,(anonymous_2)
DA:1,3
DA:2,3
DA:3,3
DA:5,3
DA:59,3
DA:60,0
DA:61,0
DA:63,0
DA:64,0
DA:65,0
DA:69,3
DA:70,13
DA:76,3
DA:77,13
DA:80,3
LF:15
LH:10
BRDA:63,0,0,0
BRDA:63,0,1,0
BRF:2
BRH:0
end_of_record
TN:
SF:routes\auth.js
FNF:0
FNH:0
DA:1,3
DA:2,3
DA:3,3
DA:4,3
DA:6,3
DA:7,3
DA:8,3
DA:9,3
DA:10,3
DA:11,3
DA:13,3
LF:11
LH:11
BRF:0
BRH:0
end_of_record
TN:
SF:routes\bookings.js
FNF:0
FNH:0
DA:1,3
DA:3,3
DA:5,3
DA:7,3
DA:9,3
DA:13,3
DA:18,3
LF:7
LH:7
BRF:0
BRH:0
end_of_record
TN:
SF:routes\hotels.js
FNF:0
FNH:0
DA:1,3
DA:2,3
DA:3,3
DA:4,3
DA:5,3
DA:7,3
DA:8,3
DA:11,3
DA:16,3
LF:9
LH:9
BRF:0
BRH:0
end_of_record
TN:
SF:routes\rooms.js
FNF:0
FNH:0
DA:1,3
DA:2,3
DA:3,3
DA:5,3
DA:7,3
DA:11,3
DA:16,3
LF:7
LH:7
BRF:0
BRH:0
end_of_record
